2024-01-02 05:52:25.077 [info] Added views:workbench.panel.markers.view in workbench.panel.markers
2024-01-02 05:52:25.077 [info] Added views:workbench.panel.output in workbench.panel.output
2024-01-02 05:52:25.077 [info] Added views:terminal in terminal
2024-01-02 05:52:25.077 [info] Added views:outline in workbench.view.explorer
2024-01-02 05:52:25.077 [info] Added views:workbench.scm in workbench.view.scm
2024-01-02 05:52:25.077 [info] Added views:workbench.view.search in workbench.view.search
2024-01-02 05:52:25.077 [info] Added views:timeline in workbench.view.explorer
2024-01-02 05:52:25.077 [info] Added views:workbench.explorer.emptyView in workbench.view.explorer
2024-01-02 05:52:30.620 [info] Added views:workbench.debug.variablesView,workbench.debug.watchExpressionsView,workbench.debug.callStackView,workbench.debug.breakPointsView in workbench.view.debug
2024-01-02 05:52:31.003 [info] Added views:workbench.panel.repl.view in workbench.panel.repl
2024-01-02 05:52:31.034 [info] Removed views:workbench.debug.breakPointsView,workbench.debug.callStackView,workbench.debug.watchExpressionsView,workbench.debug.variablesView from workbench.view.debug
2024-01-02 05:52:31.050 [info] Added views:workbench.debug.welcome in workbench.view.debug
2024-01-02 05:52:33.963 [info] Added views:~remote.forwardedPorts in ~remote.forwardedPortsContainer
2024-01-02 05:52:48.912 [info] Added views:workbench.panel.markers.view in workbench.panel.markers
2024-01-02 05:52:48.915 [info] Added views:workbench.panel.output in workbench.panel.output
2024-01-02 05:52:48.915 [info] Added views:terminal in terminal
2024-01-02 05:52:48.915 [info] Added views:outline in workbench.view.explorer
2024-01-02 05:52:48.915 [info] Added views:workbench.scm in workbench.view.scm
2024-01-02 05:52:48.915 [info] Added views:workbench.view.search in workbench.view.search
2024-01-02 05:52:48.915 [info] Added views:timeline in workbench.view.explorer
2024-01-02 05:52:48.915 [info] Added views:workbench.explorer.fileView in workbench.view.explorer
2024-01-02 05:52:52.735 [info] Added views:workbench.debug.variablesView,workbench.debug.watchExpressionsView,workbench.debug.callStackView,workbench.debug.breakPointsView in workbench.view.debug
2024-01-02 05:52:52.953 [info] Added views:workbench.panel.repl.view in workbench.panel.repl
2024-01-02 05:52:52.960 [info] Removed views:workbench.debug.breakPointsView,workbench.debug.callStackView,workbench.debug.watchExpressionsView,workbench.debug.variablesView from workbench.view.debug
2024-01-02 05:52:52.962 [info] Added views:workbench.debug.welcome in workbench.view.debug
2024-01-02 05:53:02.412 [info] Added views:workbench.view.testing in workbench.view.extension.test
2024-01-02 05:53:06.280 [info] Added views:~remote.forwardedPorts in ~remote.forwardedPortsContainer
2024-01-02 05:53:13.087 [info] Removed views:workbench.view.testing from workbench.view.extension.test
2024-01-02 05:53:14.760 [info] Added views:workbench.view.testing in workbench.view.extension.test
2024-01-02 05:58:22.404 [info] moveViewsToContainer: views:~remote.forwardedPorts viewContainer:terminal reason:dnd
2024-01-02 05:58:22.406 [info] Removed views:~remote.forwardedPorts from ~remote.forwardedPortsContainer
2024-01-02 05:58:22.640 [info] Added views:~remote.forwardedPorts in terminal
2024-01-02 05:58:22.708 [info] Moved view ~remote.forwardedPorts to terminal in terminal
2024-01-02 06:19:28.584 [info] Added views:workbench.views.extensions.installed,workbench.views.extensions.popular,extensions.recommendedList in workbench.view.extensions
2024-01-02 06:19:28.595 [info] Removed views:workbench.views.extensions.popular from workbench.view.extensions
2024-01-02 06:19:39.613 [info] Removed views:extensions.recommendedList,workbench.views.extensions.installed from workbench.view.extensions
2024-01-02 06:19:39.727 [info] Added views:workbench.views.extensions.marketplace in workbench.view.extensions
