2024-01-11 06:13:10.605 [info] Experiment 'pythonRecommendTensorboardExtcf' is active
2024-01-11 06:13:10.605 [info] Experiment 'pythonREPLSmartSend' is active
2024-01-11 06:13:10.605 [info] Experiment 'pythonTerminalEnvVarActivationcf' is active
2024-01-11 06:13:10.606 [info] Experiment 'pythonTestAdapter' is active
2024-01-11 06:13:10.606 [info] Default formatter is set to null for workspace /root/sugihkan
2024-01-11 06:13:10.606 [info] Test server listening.
2024-01-11 06:13:10.607 [info] > conda info --json
2024-01-11 06:13:10.607 [warning] Retry failed, storage update failed for key PYTHON_GLOBAL_STORAGE_KEYS
2024-01-11 06:13:10.607 [warning] Retry failed, storage update failed for key PYTHON_GLOBAL_STORAGE_KEYS
2024-01-11 06:13:10.641 [info] Found: /bin/python3 --> /bin/python3.10
2024-01-11 06:13:10.653 [info] Found: /bin/python3.10 --> /bin/python3.10
2024-01-11 06:13:10.826 [warning] Retry failed, storage update failed for key PYTHON_GLOBAL_STORAGE_KEYS
2024-01-11 06:13:10.827 [warning] Retry failed, storage update failed for key PYTHON_GLOBAL_STORAGE_KEYS
2024-01-11 06:13:10.827 [warning] Retry failed, storage update failed for key PYTHON_GLOBAL_STORAGE_KEYS
2024-01-11 06:13:10.827 [warning] Retry failed, storage update failed for key PYTHON_GLOBAL_STORAGE_KEYS
2024-01-11 06:13:10.828 [warning] Retry failed, storage update failed for key PYTHON_GLOBAL_STORAGE_KEYS
2024-01-11 06:13:10.828 [warning] Retry failed, storage update failed for key PYTHON_GLOBAL_STORAGE_KEYS
2024-01-11 06:13:11.348 [warning] Retry failed, storage update failed for key PYTHON_GLOBAL_STORAGE_KEYS
2024-01-11 06:13:11.485 [info] Found: /usr/bin/python3 --> /usr/bin/python3.10
2024-01-11 06:13:11.498 [info] Found: /usr/bin/python3.10 --> /usr/bin/python3.10
2024-01-11 06:13:11.646 [info] > /bin/python3 -I ~/.vscode/extensions/ms-python.python-2023.22.1/pythonFiles/get_output_via_markers.py ~/.vscode/extensions/ms-python.python-2023.22.1/pythonFiles/interpreterInfo.py
2024-01-11 06:13:12.060 [info] Python interpreter path: /bin/python3
2024-01-11 06:13:12.458 [info] > /usr/bin/python3 -I ~/.vscode/extensions/ms-python.python-2023.22.1/pythonFiles/get_output_via_markers.py ~/.vscode/extensions/ms-python.python-2023.22.1/pythonFiles/interpreterInfo.py
2024-01-11 06:13:15.334 [info] Starting Pylance language server.
2024-01-11 06:13:47.981 [info] CreateEnv Trigger - Skipping for /root/sugihkan/forex.py
2024-01-11 06:13:48.207 [info] Send text to terminal: /bin/python3 /root/sugihkan/forex.py
2024-01-11 06:14:04.537 [info] Send text to terminal: /bin/python3 /root/sugihkan/crypto.py
