2024-01-02 20:24:03.584 [info] update#setState idle
2024-01-02 20:24:33.613 [info] update#setState checking for updates
2024-01-02 20:24:33.630 [info] update#setState idle
2024-01-02 21:24:33.619 [info] update#setState checking for updates
2024-01-02 21:24:33.654 [info] update#setState idle
2024-01-02 22:24:33.626 [info] update#setState checking for updates
2024-01-02 22:24:33.701 [info] update#setState idle
2024-01-02 23:24:33.632 [info] update#setState checking for updates
2024-01-02 23:24:33.704 [info] update#setState idle
2024-01-03 00:24:33.722 [info] update#setState checking for updates
2024-01-03 00:24:33.992 [info] update#setState idle
2024-01-03 01:24:33.826 [info] update#setState checking for updates
2024-01-03 01:24:33.912 [info] update#setState idle
2024-01-03 02:24:33.927 [info] update#setState checking for updates
2024-01-03 02:24:33.962 [info] update#setState idle
2024-01-03 03:24:34.002 [info] update#setState checking for updates
2024-01-03 03:24:34.065 [info] update#setState idle
2024-01-03 04:24:34.110 [info] update#setState checking for updates
2024-01-03 04:24:34.163 [info] update#setState idle
2024-01-03 05:24:34.167 [info] update#setState checking for updates
2024-01-03 05:24:34.200 [info] update#setState idle
2024-01-03 06:24:34.218 [info] update#setState checking for updates
2024-01-03 06:24:34.278 [info] update#setState idle
2024-01-03 07:24:34.297 [info] update#setState checking for updates
2024-01-03 07:24:34.342 [info] update#setState idle
2024-01-03 08:24:34.305 [info] update#setState checking for updates
2024-01-03 08:24:34.377 [info] update#setState idle
2024-01-03 09:24:34.410 [info] update#setState checking for updates
2024-01-03 09:24:34.448 [info] update#setState idle
2024-01-03 10:24:34.507 [info] update#setState checking for updates
2024-01-03 10:24:34.585 [info] update#setState idle
2024-01-03 11:24:34.602 [info] update#setState checking for updates
2024-01-03 11:24:34.677 [info] update#setState idle
2024-01-03 12:24:34.714 [info] update#setState checking for updates
2024-01-03 12:24:34.774 [info] update#setState idle
2024-01-03 13:24:34.822 [info] update#setState checking for updates
2024-01-03 13:24:34.901 [info] update#setState idle
2024-01-03 14:24:34.872 [info] update#setState checking for updates
2024-01-03 14:24:34.908 [info] update#setState idle
2024-01-03 15:24:34.953 [info] update#setState checking for updates
2024-01-03 15:24:35.027 [info] update#setState idle
2024-01-03 16:24:34.964 [info] update#setState checking for updates
2024-01-03 16:24:35.142 [info] update#setState idle
2024-01-03 17:24:34.982 [info] update#setState checking for updates
2024-01-03 17:24:35.100 [info] update#setState idle
2024-01-03 18:24:35.000 [info] update#setState checking for updates
2024-01-03 18:24:35.042 [info] update#setState idle
2024-01-03 19:24:35.005 [info] update#setState checking for updates
2024-01-03 19:24:35.040 [info] update#setState idle
2024-01-03 20:24:35.009 [info] update#setState checking for updates
2024-01-03 20:24:35.050 [info] update#setState idle
2024-01-03 21:24:35.012 [info] update#setState checking for updates
2024-01-03 21:24:35.051 [info] update#setState idle
2024-01-03 22:24:35.014 [info] update#setState checking for updates
2024-01-03 22:24:35.043 [info] update#setState idle
2024-01-03 23:24:35.026 [info] update#setState checking for updates
2024-01-03 23:24:35.159 [info] update#setState idle
2024-01-04 00:24:35.052 [info] update#setState checking for updates
2024-01-04 00:24:35.132 [info] update#setState idle
2024-01-04 01:24:35.057 [info] update#setState checking for updates
2024-01-04 01:24:35.135 [info] update#setState idle
2024-01-04 02:24:35.066 [info] update#setState checking for updates
2024-01-04 02:24:35.179 [info] update#setState idle
2024-01-04 03:24:35.074 [info] update#setState checking for updates
2024-01-04 03:24:35.183 [info] update#setState idle
2024-01-04 04:24:35.082 [info] update#setState checking for updates
2024-01-04 04:24:35.190 [info] update#setState idle
2024-01-04 05:24:35.096 [info] update#setState checking for updates
2024-01-04 05:24:35.138 [info] update#setState idle
2024-01-04 06:24:35.101 [info] update#setState checking for updates
2024-01-04 06:24:35.188 [info] update#setState idle
2024-01-04 07:24:35.110 [info] update#setState checking for updates
2024-01-04 07:24:35.233 [info] update#setState idle
2024-01-04 08:24:35.125 [info] update#setState checking for updates
2024-01-04 08:24:35.197 [info] update#setState idle
2024-01-04 09:24:35.130 [info] update#setState checking for updates
2024-01-04 09:24:35.223 [info] update#setState idle
2024-01-04 10:24:35.136 [info] update#setState checking for updates
2024-01-04 10:24:35.169 [info] update#setState idle
2024-01-04 11:24:35.140 [info] update#setState checking for updates
2024-01-04 11:24:35.190 [info] update#setState idle
2024-01-04 12:24:35.145 [info] update#setState checking for updates
2024-01-04 12:24:35.218 [info] update#setState idle
2024-01-04 13:24:35.149 [info] update#setState checking for updates
2024-01-04 13:24:35.216 [info] update#setState idle
2024-01-04 14:24:35.153 [info] update#setState checking for updates
2024-01-04 14:24:36.573 [info] update#setState idle
2024-01-04 15:24:35.156 [info] update#setState checking for updates
2024-01-04 15:24:35.278 [info] update#setState idle
2024-01-04 16:24:35.167 [info] update#setState checking for updates
2024-01-04 16:24:35.269 [info] update#setState idle
2024-01-04 17:24:35.190 [info] update#setState checking for updates
2024-01-04 17:24:35.465 [info] update#setState idle
2024-01-04 18:24:35.194 [info] update#setState checking for updates
2024-01-04 18:24:35.298 [info] update#setState idle
2024-01-04 19:24:35.196 [info] update#setState checking for updates
2024-01-04 19:24:35.260 [info] update#setState idle
2024-01-04 20:24:35.199 [info] update#setState checking for updates
2024-01-04 20:24:35.273 [info] update#setState idle
2024-01-04 21:24:35.201 [info] update#setState checking for updates
2024-01-04 21:24:35.233 [info] update#setState idle
2024-01-04 22:24:35.209 [info] update#setState checking for updates
2024-01-04 22:24:35.298 [info] update#setState idle
2024-01-04 23:24:35.222 [info] update#setState checking for updates
2024-01-04 23:24:35.298 [info] update#setState idle
2024-01-05 00:24:35.224 [info] update#setState checking for updates
2024-01-05 00:24:35.289 [info] update#setState idle
2024-01-05 01:24:35.227 [info] update#setState checking for updates
2024-01-05 01:24:35.258 [info] update#setState idle
2024-01-05 02:24:35.232 [info] update#setState checking for updates
2024-01-05 02:24:35.266 [info] update#setState idle
2024-01-05 03:24:35.238 [info] update#setState checking for updates
2024-01-05 03:24:35.269 [info] update#setState idle
2024-01-05 04:24:35.244 [info] update#setState checking for updates
2024-01-05 04:24:35.271 [info] update#setState idle
2024-01-05 05:24:35.249 [info] update#setState checking for updates
2024-01-05 05:24:35.284 [info] update#setState idle
2024-01-05 06:24:35.254 [info] update#setState checking for updates
2024-01-05 06:24:35.359 [info] update#setState idle
2024-01-05 07:24:35.265 [info] update#setState checking for updates
2024-01-05 07:24:35.383 [info] update#setState idle
2024-01-05 08:24:35.271 [info] update#setState checking for updates
2024-01-05 08:24:35.347 [info] update#setState idle
2024-01-05 09:24:35.275 [info] update#setState checking for updates
2024-01-05 09:24:35.311 [info] update#setState idle
2024-01-05 10:24:35.279 [info] update#setState checking for updates
2024-01-05 10:24:35.363 [info] update#setState idle
2024-01-05 11:24:35.284 [info] update#setState checking for updates
2024-01-05 11:24:35.329 [info] update#setState idle
2024-01-05 12:24:35.292 [info] update#setState checking for updates
2024-01-05 12:24:35.325 [info] update#setState idle
2024-01-05 13:24:35.299 [info] update#setState checking for updates
2024-01-05 13:24:35.425 [info] update#setState idle
2024-01-05 14:24:35.356 [info] update#setState checking for updates
2024-01-05 14:24:35.559 [info] update#setState idle
2024-01-05 15:24:35.385 [info] update#setState checking for updates
2024-01-05 15:24:35.544 [info] update#setState idle
2024-01-05 16:24:35.391 [info] update#setState checking for updates
2024-01-05 16:24:35.472 [info] update#setState idle
2024-01-05 17:24:35.404 [info] update#setState checking for updates
2024-01-05 17:24:35.570 [info] update#setState idle
2024-01-05 18:05:37.091 [warning] No ptyHost heartbeat after 6 seconds
2024-01-05 18:09:14.315 [warning] No ptyHost heartbeat after 6 seconds
2024-01-05 18:13:27.198 [warning] No ptyHost heartbeat after 6 seconds
2024-01-05 18:13:49.557 [error] No ptyHost heartbeat after 12 seconds
2024-01-05 18:14:08.079 [warning] No ptyHost heartbeat after 6 seconds
2024-01-05 18:14:33.336 [warning] No ptyHost heartbeat after 6 seconds
2024-01-05 18:14:45.352 [warning] No ptyHost heartbeat after 6 seconds
2024-01-05 18:15:03.495 [warning] No ptyHost heartbeat after 6 seconds
2024-01-05 18:15:15.250 [warning] No ptyHost heartbeat after 6 seconds
2024-01-05 18:15:36.175 [warning] No ptyHost heartbeat after 6 seconds
2024-01-05 18:15:54.419 [warning] No ptyHost heartbeat after 6 seconds
2024-01-05 18:16:21.610 [warning] No ptyHost heartbeat after 6 seconds
2024-01-05 18:16:43.948 [warning] No ptyHost heartbeat after 6 seconds
2024-01-05 18:17:01.486 [warning] No ptyHost heartbeat after 6 seconds
2024-01-05 18:17:14.749 [warning] No ptyHost heartbeat after 6 seconds
2024-01-05 18:17:56.994 [warning] No ptyHost heartbeat after 6 seconds
2024-01-05 18:18:23.965 [warning] No ptyHost heartbeat after 6 seconds
2024-01-05 18:18:45.914 [warning] No ptyHost heartbeat after 6 seconds
2024-01-05 18:19:24.244 [warning] No ptyHost heartbeat after 6 seconds
2024-01-05 18:19:35.911 [warning] No ptyHost heartbeat after 6 seconds
2024-01-05 18:20:04.106 [warning] No ptyHost heartbeat after 6 seconds
2024-01-05 18:20:11.802 [warning] No ptyHost heartbeat after 6 seconds
2024-01-05 18:20:57.424 [warning] No ptyHost heartbeat after 6 seconds
2024-01-05 18:21:15.649 [warning] No ptyHost heartbeat after 6 seconds
2024-01-05 18:21:26.528 [warning] No ptyHost heartbeat after 6 seconds
2024-01-05 18:21:39.140 [warning] No ptyHost heartbeat after 6 seconds
2024-01-05 18:21:50.483 [warning] No ptyHost heartbeat after 6 seconds
2024-01-05 18:23:03.657 [warning] No ptyHost heartbeat after 6 seconds
2024-01-05 18:23:44.587 [warning] No ptyHost heartbeat after 6 seconds
2024-01-05 18:23:55.162 [warning] No ptyHost heartbeat after 6 seconds
2024-01-05 18:24:17.571 [warning] No ptyHost heartbeat after 6 seconds
2024-01-05 18:24:30.045 [warning] No ptyHost heartbeat after 6 seconds
2024-01-05 18:24:35.477 [info] update#setState checking for updates
2024-01-05 18:24:41.130 [info] update#setState idle
2024-01-05 18:31:04.240 [warning] No ptyHost heartbeat after 6 seconds
2024-01-05 18:31:16.752 [warning] No ptyHost heartbeat after 6 seconds
2024-01-05 18:31:30.057 [warning] No ptyHost heartbeat after 6 seconds
2024-01-05 18:31:43.730 [warning] No ptyHost heartbeat after 6 seconds
2024-01-05 18:31:51.115 [warning] No ptyHost heartbeat after 6 seconds
2024-01-05 18:32:05.267 [warning] No ptyHost heartbeat after 6 seconds
2024-01-05 18:32:18.453 [warning] No ptyHost heartbeat after 6 seconds
2024-01-05 18:32:34.414 [warning] No ptyHost heartbeat after 6 seconds
2024-01-05 18:32:42.990 [warning] No ptyHost heartbeat after 6 seconds
2024-01-05 18:32:48.147 [error] No ptyHost heartbeat after 12 seconds
2024-01-05 18:32:55.541 [warning] No ptyHost heartbeat after 6 seconds
2024-01-05 18:33:14.791 [warning] No ptyHost heartbeat after 6 seconds
2024-01-05 18:33:37.451 [warning] No ptyHost heartbeat after 6 seconds
2024-01-05 18:33:48.109 [warning] No ptyHost heartbeat after 6 seconds
2024-01-05 18:35:34.664 [warning] No ptyHost heartbeat after 6 seconds
2024-01-05 19:24:36.232 [info] update#setState checking for updates
2024-01-05 19:24:36.498 [info] update#setState idle
2024-01-05 20:24:36.283 [info] update#setState checking for updates
2024-01-05 20:24:36.544 [info] update#setState idle
2024-01-05 20:24:54.136 [warning] No ptyHost heartbeat after 6 seconds
2024-01-05 20:25:01.521 [error] No ptyHost heartbeat after 12 seconds
2024-01-05 20:25:11.743 [warning] No ptyHost heartbeat after 6 seconds
2024-01-05 20:25:20.488 [warning] No ptyHost heartbeat after 6 seconds
2024-01-05 20:25:29.962 [warning] No ptyHost heartbeat after 6 seconds
2024-01-05 20:25:47.447 [warning] No ptyHost heartbeat after 6 seconds
2024-01-05 20:25:55.067 [error] No ptyHost heartbeat after 12 seconds
2024-01-05 20:26:14.652 [warning] No ptyHost heartbeat after 6 seconds
2024-01-05 20:26:23.123 [error] No ptyHost heartbeat after 12 seconds
2024-01-05 20:26:35.148 [warning] No ptyHost heartbeat after 6 seconds
2024-01-05 20:26:44.440 [error] No ptyHost heartbeat after 12 seconds
2024-01-05 20:28:04.880 [warning] No ptyHost heartbeat after 6 seconds
2024-01-05 20:29:07.177 [warning] No ptyHost heartbeat after 6 seconds
2024-01-05 20:30:22.040 [warning] No ptyHost heartbeat after 6 seconds
2024-01-05 20:31:22.048 [warning] No ptyHost heartbeat after 6 seconds
2024-01-05 20:31:43.950 [warning] No ptyHost heartbeat after 6 seconds
2024-01-05 20:32:04.234 [warning] No ptyHost heartbeat after 6 seconds
2024-01-05 20:32:26.692 [warning] No ptyHost heartbeat after 6 seconds
2024-01-05 20:32:40.112 [warning] No ptyHost heartbeat after 6 seconds
2024-01-05 20:32:49.669 [warning] No ptyHost heartbeat after 6 seconds
2024-01-05 20:33:05.615 [warning] No ptyHost heartbeat after 6 seconds
2024-01-05 20:33:14.128 [warning] No ptyHost heartbeat after 6 seconds
2024-01-05 20:33:24.354 [warning] No ptyHost heartbeat after 6 seconds
2024-01-05 20:33:35.503 [warning] No ptyHost heartbeat after 6 seconds
2024-01-05 20:33:44.529 [warning] No ptyHost heartbeat after 6 seconds
2024-01-05 20:34:04.370 [warning] No ptyHost heartbeat after 6 seconds
2024-01-05 21:24:36.347 [info] update#setState checking for updates
2024-01-05 21:24:36.607 [info] update#setState idle
2024-01-05 22:10:10.707 [warning] No ptyHost heartbeat after 6 seconds
2024-01-05 22:10:28.483 [warning] No ptyHost heartbeat after 6 seconds
2024-01-05 22:24:36.404 [info] update#setState checking for updates
2024-01-05 22:24:36.825 [info] update#setState idle
2024-01-05 23:24:36.498 [info] update#setState checking for updates
2024-01-05 23:24:38.845 [info] update#setState idle
2024-01-05 23:24:55.054 [warning] No ptyHost heartbeat after 6 seconds
2024-01-06 00:00:14.515 [error] CodeWindow: renderer process gone (reason: killed, code: 9)
2024-01-06 00:00:16.167 [info] Extension host with pid 2089 exited with code: 0, signal: unknown.
2024-01-06 00:24:36.776 [info] update#setState checking for updates
2024-01-06 00:24:36.891 [info] update#setState idle
2024-01-06 01:24:36.782 [info] update#setState checking for updates
2024-01-06 01:24:36.850 [info] update#setState idle
2024-01-06 02:24:36.786 [info] update#setState checking for updates
2024-01-06 02:24:36.890 [info] update#setState idle
2024-01-06 03:24:36.789 [info] update#setState checking for updates
2024-01-06 03:24:36.894 [info] update#setState idle
2024-01-06 04:24:36.793 [info] update#setState checking for updates
2024-01-06 04:24:36.906 [info] update#setState idle
2024-01-06 05:24:36.796 [info] update#setState checking for updates
2024-01-06 05:24:36.824 [info] update#setState idle
2024-01-06 06:24:36.799 [info] update#setState checking for updates
2024-01-06 06:24:36.865 [info] update#setState idle
2024-01-06 07:24:36.802 [info] update#setState checking for updates
2024-01-06 07:24:36.863 [info] update#setState idle
2024-01-06 08:24:36.804 [info] update#setState checking for updates
2024-01-06 08:24:36.865 [info] update#setState idle
2024-01-06 09:24:36.808 [info] update#setState checking for updates
2024-01-06 09:24:36.840 [info] update#setState idle
2024-01-06 10:24:36.811 [info] update#setState checking for updates
2024-01-06 10:24:36.954 [info] update#setState idle
2024-01-06 11:24:36.813 [info] update#setState checking for updates
2024-01-06 11:24:36.848 [info] update#setState idle
2024-01-06 12:24:36.815 [info] update#setState checking for updates
2024-01-06 12:24:36.851 [info] update#setState idle
