2024-01-02 05:52:34.378 [info] Log level: Info
2024-01-02 05:52:34.378 [info] Validating found git in: "git"
2024-01-02 05:52:34.379 [info] Using git "2.34.1" from "git"
2024-01-02 05:53:16.126 [info] Log level: Info
2024-01-02 05:53:16.128 [info] Validating found git in: "git"
2024-01-02 05:53:16.128 [info] Using git "2.34.1" from "git"
2024-01-02 05:53:16.129 [info] > git rev-parse --show-toplevel [38ms]
2024-01-02 05:53:16.129 [info] > git rev-parse --git-dir --git-common-dir [27ms]
2024-01-02 05:53:16.129 [info] Open repository: /root/sugihkan
2024-01-02 05:53:16.141 [info] > git rev-parse --show-toplevel [58ms]
2024-01-02 05:53:16.157 [info] > git config --get commit.template [108ms]
2024-01-02 05:53:16.258 [info] > git for-each-ref --format=%(refname)%00%(upstream:short)%00%(objectname)%00%(upstream:track)%00%(upstream:remotename)%00%(upstream:remoteref) refs/heads/main refs/remotes/main [43ms]
2024-01-02 05:53:16.320 [info] > git status -z -uall [25ms]
2024-01-02 05:53:16.846 [info] > git config --get commit.template [110ms]
2024-01-02 05:53:17.546 [info] > git check-ignore -v -z --stdin [65ms]
2024-01-02 05:53:17.888 [info] > git show --textconv :app.py [275ms]
2024-01-02 05:53:17.889 [info] > git ls-files --stage -- /root/sugihkan/app.py [248ms]
2024-01-02 05:53:17.940 [info] > git for-each-ref --format=%(refname)%00%(upstream:short)%00%(objectname)%00%(upstream:track)%00%(upstream:remotename)%00%(upstream:remoteref) refs/heads/main refs/remotes/main [398ms]
2024-01-02 05:53:17.977 [info] > git cat-file -s 6635befd5d483381dac99b9ac2ed6d26542825a7 [40ms]
2024-01-02 05:53:18.342 [info] > git status -z -uall [320ms]
2024-01-02 05:53:23.983 [info] > git config --get commit.template [179ms]
2024-01-02 05:53:24.141 [info] > git for-each-ref --format=%(refname)%00%(upstream:short)%00%(objectname)%00%(upstream:track)%00%(upstream:remotename)%00%(upstream:remoteref) refs/heads/main refs/remotes/main [81ms]
2024-01-02 05:53:24.268 [info] > git status -z -uall [43ms]
2024-01-02 05:53:39.572 [info] > git config --get commit.template [13ms]
2024-01-02 05:53:39.580 [info] > git for-each-ref --format=%(refname)%00%(upstream:short)%00%(objectname)%00%(upstream:track)%00%(upstream:remotename)%00%(upstream:remoteref) refs/heads/main refs/remotes/main [9ms]
2024-01-02 05:53:39.595 [info] > git status -z -uall [7ms]
2024-01-02 05:53:47.974 [info] > git config --get commit.template [32ms]
2024-01-02 05:53:47.978 [info] > git for-each-ref --format=%(refname)%00%(upstream:short)%00%(objectname)%00%(upstream:track)%00%(upstream:remotename)%00%(upstream:remoteref) refs/heads/main refs/remotes/main [5ms]
2024-01-02 05:53:48.022 [info] > git status -z -uall [16ms]
2024-01-02 05:53:53.170 [info] > git config --get commit.template [56ms]
2024-01-02 05:53:53.177 [info] > git for-each-ref --format=%(refname)%00%(upstream:short)%00%(objectname)%00%(upstream:track)%00%(upstream:remotename)%00%(upstream:remoteref) refs/heads/main refs/remotes/main [9ms]
2024-01-02 05:53:53.249 [info] > git status -z -uall [36ms]
2024-01-02 05:53:58.309 [info] > git config --get commit.template [19ms]
2024-01-02 05:53:58.314 [info] > git for-each-ref --format=%(refname)%00%(upstream:short)%00%(objectname)%00%(upstream:track)%00%(upstream:remotename)%00%(upstream:remoteref) refs/heads/main refs/remotes/main [10ms]
2024-01-02 05:53:58.335 [info] > git status -z -uall [12ms]
2024-01-02 05:54:03.458 [info] > git config --get commit.template [59ms]
2024-01-02 05:54:03.491 [info] > git for-each-ref --format=%(refname)%00%(upstream:short)%00%(objectname)%00%(upstream:track)%00%(upstream:remotename)%00%(upstream:remoteref) refs/heads/main refs/remotes/main [46ms]
2024-01-02 05:54:03.539 [info] > git status -z -uall [7ms]
2024-01-02 05:54:08.600 [info] > git config --get commit.template [13ms]
2024-01-02 05:54:08.605 [info] > git for-each-ref --format=%(refname)%00%(upstream:short)%00%(objectname)%00%(upstream:track)%00%(upstream:remotename)%00%(upstream:remoteref) refs/heads/main refs/remotes/main [7ms]
2024-01-02 05:54:08.641 [info] > git status -z -uall [25ms]
2024-01-02 05:54:13.721 [info] > git config --get commit.template [11ms]
2024-01-02 05:54:13.724 [info] > git for-each-ref --format=%(refname)%00%(upstream:short)%00%(objectname)%00%(upstream:track)%00%(upstream:remotename)%00%(upstream:remoteref) refs/heads/main refs/remotes/main [5ms]
2024-01-02 05:54:13.741 [info] > git status -z -uall [7ms]
2024-01-02 05:54:18.812 [info] > git config --get commit.template [14ms]
2024-01-02 05:54:18.816 [info] > git for-each-ref --format=%(refname)%00%(upstream:short)%00%(objectname)%00%(upstream:track)%00%(upstream:remotename)%00%(upstream:remoteref) refs/heads/main refs/remotes/main [6ms]
2024-01-02 05:54:18.836 [info] > git status -z -uall [12ms]
2024-01-02 05:54:23.923 [info] > git config --get commit.template [13ms]
2024-01-02 05:54:23.927 [info] > git for-each-ref --format=%(refname)%00%(upstream:short)%00%(objectname)%00%(upstream:track)%00%(upstream:remotename)%00%(upstream:remoteref) refs/heads/main refs/remotes/main [5ms]
2024-01-02 05:54:23.944 [info] > git status -z -uall [7ms]
2024-01-02 05:54:29.013 [info] > git config --get commit.template [13ms]
2024-01-02 05:54:29.018 [info] > git for-each-ref --format=%(refname)%00%(upstream:short)%00%(objectname)%00%(upstream:track)%00%(upstream:remotename)%00%(upstream:remoteref) refs/heads/main refs/remotes/main [6ms]
2024-01-02 05:54:29.035 [info] > git status -z -uall [6ms]
2024-01-02 05:54:34.113 [info] > git config --get commit.template [18ms]
2024-01-02 05:54:34.117 [info] > git for-each-ref --format=%(refname)%00%(upstream:short)%00%(objectname)%00%(upstream:track)%00%(upstream:remotename)%00%(upstream:remoteref) refs/heads/main refs/remotes/main [8ms]
2024-01-02 05:54:34.131 [info] > git status -z -uall [6ms]
2024-01-02 05:54:39.255 [info] > git config --get commit.template [51ms]
2024-01-02 05:54:39.289 [info] > git for-each-ref --format=%(refname)%00%(upstream:short)%00%(objectname)%00%(upstream:track)%00%(upstream:remotename)%00%(upstream:remoteref) refs/heads/main refs/remotes/main [35ms]
2024-01-02 05:54:39.390 [info] > git status -z -uall [39ms]
2024-01-02 05:54:44.522 [info] > git config --get commit.template [11ms]
2024-01-02 05:54:44.526 [info] > git for-each-ref --format=%(refname)%00%(upstream:short)%00%(objectname)%00%(upstream:track)%00%(upstream:remotename)%00%(upstream:remoteref) refs/heads/main refs/remotes/main [5ms]
2024-01-02 05:54:44.543 [info] > git status -z -uall [6ms]
2024-01-02 05:54:49.637 [info] > git config --get commit.template [23ms]
2024-01-02 05:54:49.657 [info] > git for-each-ref --format=%(refname)%00%(upstream:short)%00%(objectname)%00%(upstream:track)%00%(upstream:remotename)%00%(upstream:remoteref) refs/heads/main refs/remotes/main [25ms]
2024-01-02 05:54:49.751 [info] > git status -z -uall [41ms]
2024-01-02 05:54:54.828 [info] > git config --get commit.template [12ms]
2024-01-02 05:54:54.832 [info] > git for-each-ref --format=%(refname)%00%(upstream:short)%00%(objectname)%00%(upstream:track)%00%(upstream:remotename)%00%(upstream:remoteref) refs/heads/main refs/remotes/main [5ms]
2024-01-02 05:54:54.847 [info] > git status -z -uall [6ms]
2024-01-02 05:54:59.905 [info] > git config --get commit.template [11ms]
2024-01-02 05:54:59.910 [info] > git for-each-ref --format=%(refname)%00%(upstream:short)%00%(objectname)%00%(upstream:track)%00%(upstream:remotename)%00%(upstream:remoteref) refs/heads/main refs/remotes/main [6ms]
2024-01-02 05:54:59.927 [info] > git status -z -uall [7ms]
2024-01-02 05:55:04.988 [info] > git config --get commit.template [17ms]
2024-01-02 05:55:04.995 [info] > git for-each-ref --format=%(refname)%00%(upstream:short)%00%(objectname)%00%(upstream:track)%00%(upstream:remotename)%00%(upstream:remoteref) refs/heads/main refs/remotes/main [8ms]
2024-01-02 05:55:05.016 [info] > git status -z -uall [9ms]
2024-01-02 05:55:10.114 [info] > git config --get commit.template [29ms]
2024-01-02 05:55:10.118 [info] > git for-each-ref --format=%(refname)%00%(upstream:short)%00%(objectname)%00%(upstream:track)%00%(upstream:remotename)%00%(upstream:remoteref) refs/heads/main refs/remotes/main [5ms]
2024-01-02 05:55:10.133 [info] > git status -z -uall [8ms]
2024-01-02 05:55:15.191 [info] > git config --get commit.template [12ms]
2024-01-02 05:55:15.196 [info] > git for-each-ref --format=%(refname)%00%(upstream:short)%00%(objectname)%00%(upstream:track)%00%(upstream:remotename)%00%(upstream:remoteref) refs/heads/main refs/remotes/main [7ms]
2024-01-02 05:55:15.216 [info] > git status -z -uall [11ms]
2024-01-02 05:55:20.297 [info] > git config --get commit.template [15ms]
2024-01-02 05:55:20.302 [info] > git for-each-ref --format=%(refname)%00%(upstream:short)%00%(objectname)%00%(upstream:track)%00%(upstream:remotename)%00%(upstream:remoteref) refs/heads/main refs/remotes/main [6ms]
2024-01-02 05:55:20.321 [info] > git status -z -uall [7ms]
2024-01-02 05:55:25.390 [info] > git config --get commit.template [11ms]
2024-01-02 05:55:25.394 [info] > git for-each-ref --format=%(refname)%00%(upstream:short)%00%(objectname)%00%(upstream:track)%00%(upstream:remotename)%00%(upstream:remoteref) refs/heads/main refs/remotes/main [5ms]
2024-01-02 05:55:25.409 [info] > git status -z -uall [7ms]
2024-01-02 05:55:30.465 [info] > git config --get commit.template [10ms]
2024-01-02 05:55:30.469 [info] > git for-each-ref --format=%(refname)%00%(upstream:short)%00%(objectname)%00%(upstream:track)%00%(upstream:remotename)%00%(upstream:remoteref) refs/heads/main refs/remotes/main [5ms]
2024-01-02 05:55:30.489 [info] > git status -z -uall [12ms]
2024-01-02 05:55:35.559 [info] > git config --get commit.template [10ms]
2024-01-02 05:55:35.563 [info] > git for-each-ref --format=%(refname)%00%(upstream:short)%00%(objectname)%00%(upstream:track)%00%(upstream:remotename)%00%(upstream:remoteref) refs/heads/main refs/remotes/main [5ms]
2024-01-02 05:55:35.586 [info] > git status -z -uall [15ms]
2024-01-02 05:55:40.638 [info] > git config --get commit.template [11ms]
2024-01-02 05:55:40.642 [info] > git for-each-ref --format=%(refname)%00%(upstream:short)%00%(objectname)%00%(upstream:track)%00%(upstream:remotename)%00%(upstream:remoteref) refs/heads/main refs/remotes/main [5ms]
2024-01-02 05:55:40.664 [info] > git status -z -uall [13ms]
2024-01-02 05:55:45.718 [info] > git config --get commit.template [10ms]
2024-01-02 05:55:45.722 [info] > git for-each-ref --format=%(refname)%00%(upstream:short)%00%(objectname)%00%(upstream:track)%00%(upstream:remotename)%00%(upstream:remoteref) refs/heads/main refs/remotes/main [5ms]
2024-01-02 05:55:45.740 [info] > git status -z -uall [6ms]
2024-01-02 05:55:50.795 [info] > git config --get commit.template [12ms]
2024-01-02 05:55:50.798 [info] > git for-each-ref --format=%(refname)%00%(upstream:short)%00%(objectname)%00%(upstream:track)%00%(upstream:remotename)%00%(upstream:remoteref) refs/heads/main refs/remotes/main [5ms]
2024-01-02 05:55:50.813 [info] > git status -z -uall [6ms]
2024-01-02 05:55:55.866 [info] > git config --get commit.template [10ms]
2024-01-02 05:55:55.870 [info] > git for-each-ref --format=%(refname)%00%(upstream:short)%00%(objectname)%00%(upstream:track)%00%(upstream:remotename)%00%(upstream:remoteref) refs/heads/main refs/remotes/main [5ms]
2024-01-02 05:55:55.884 [info] > git status -z -uall [5ms]
2024-01-02 05:56:00.937 [info] > git config --get commit.template [10ms]
2024-01-02 05:56:00.941 [info] > git for-each-ref --format=%(refname)%00%(upstream:short)%00%(objectname)%00%(upstream:track)%00%(upstream:remotename)%00%(upstream:remoteref) refs/heads/main refs/remotes/main [5ms]
2024-01-02 05:56:00.955 [info] > git status -z -uall [6ms]
2024-01-02 05:56:06.002 [info] > git config --get commit.template [10ms]
2024-01-02 05:56:06.006 [info] > git for-each-ref --format=%(refname)%00%(upstream:short)%00%(objectname)%00%(upstream:track)%00%(upstream:remotename)%00%(upstream:remoteref) refs/heads/main refs/remotes/main [5ms]
2024-01-02 05:56:06.020 [info] > git status -z -uall [6ms]
2024-01-02 05:56:11.103 [info] > git config --get commit.template [13ms]
2024-01-02 05:56:11.107 [info] > git for-each-ref --format=%(refname)%00%(upstream:short)%00%(objectname)%00%(upstream:track)%00%(upstream:remotename)%00%(upstream:remoteref) refs/heads/main refs/remotes/main [6ms]
2024-01-02 05:56:11.126 [info] > git status -z -uall [7ms]
2024-01-02 05:56:16.177 [info] > git config --get commit.template [13ms]
2024-01-02 05:56:16.182 [info] > git for-each-ref --format=%(refname)%00%(upstream:short)%00%(objectname)%00%(upstream:track)%00%(upstream:remotename)%00%(upstream:remoteref) refs/heads/main refs/remotes/main [6ms]
2024-01-02 05:56:16.200 [info] > git status -z -uall [8ms]
2024-01-02 05:56:21.252 [info] > git config --get commit.template [13ms]
2024-01-02 05:56:21.256 [info] > git for-each-ref --format=%(refname)%00%(upstream:short)%00%(objectname)%00%(upstream:track)%00%(upstream:remotename)%00%(upstream:remoteref) refs/heads/main refs/remotes/main [5ms]
2024-01-02 05:56:21.272 [info] > git status -z -uall [7ms]
2024-01-02 05:56:26.324 [info] > git config --get commit.template [10ms]
2024-01-02 05:56:26.327 [info] > git for-each-ref --format=%(refname)%00%(upstream:short)%00%(objectname)%00%(upstream:track)%00%(upstream:remotename)%00%(upstream:remoteref) refs/heads/main refs/remotes/main [5ms]
2024-01-02 05:56:26.342 [info] > git status -z -uall [7ms]
2024-01-02 05:56:31.394 [info] > git config --get commit.template [12ms]
2024-01-02 05:56:31.398 [info] > git for-each-ref --format=%(refname)%00%(upstream:short)%00%(objectname)%00%(upstream:track)%00%(upstream:remotename)%00%(upstream:remoteref) refs/heads/main refs/remotes/main [5ms]
2024-01-02 05:56:31.415 [info] > git status -z -uall [7ms]
2024-01-02 05:56:36.470 [info] > git config --get commit.template [13ms]
2024-01-02 05:56:36.474 [info] > git for-each-ref --format=%(refname)%00%(upstream:short)%00%(objectname)%00%(upstream:track)%00%(upstream:remotename)%00%(upstream:remoteref) refs/heads/main refs/remotes/main [7ms]
2024-01-02 05:56:36.489 [info] > git status -z -uall [6ms]
2024-01-02 05:56:41.541 [info] > git config --get commit.template [11ms]
2024-01-02 05:56:41.545 [info] > git for-each-ref --format=%(refname)%00%(upstream:short)%00%(objectname)%00%(upstream:track)%00%(upstream:remotename)%00%(upstream:remoteref) refs/heads/main refs/remotes/main [5ms]
2024-01-02 05:56:41.561 [info] > git status -z -uall [6ms]
2024-01-02 05:56:46.607 [info] > git config --get commit.template [9ms]
2024-01-02 05:56:46.611 [info] > git for-each-ref --format=%(refname)%00%(upstream:short)%00%(objectname)%00%(upstream:track)%00%(upstream:remotename)%00%(upstream:remoteref) refs/heads/main refs/remotes/main [5ms]
2024-01-02 05:56:46.624 [info] > git status -z -uall [6ms]
2024-01-02 05:56:51.681 [info] > git config --get commit.template [11ms]
2024-01-02 05:56:51.687 [info] > git for-each-ref --format=%(refname)%00%(upstream:short)%00%(objectname)%00%(upstream:track)%00%(upstream:remotename)%00%(upstream:remoteref) refs/heads/main refs/remotes/main [7ms]
2024-01-02 05:56:51.702 [info] > git status -z -uall [6ms]
2024-01-02 05:56:56.758 [info] > git config --get commit.template [11ms]
2024-01-02 05:56:56.762 [info] > git for-each-ref --format=%(refname)%00%(upstream:short)%00%(objectname)%00%(upstream:track)%00%(upstream:remotename)%00%(upstream:remoteref) refs/heads/main refs/remotes/main [6ms]
2024-01-02 05:56:56.779 [info] > git status -z -uall [8ms]
2024-01-02 05:57:01.845 [info] > git config --get commit.template [14ms]
2024-01-02 05:57:01.849 [info] > git for-each-ref --format=%(refname)%00%(upstream:short)%00%(objectname)%00%(upstream:track)%00%(upstream:remotename)%00%(upstream:remoteref) refs/heads/main refs/remotes/main [5ms]
2024-01-02 05:57:01.871 [info] > git status -z -uall [12ms]
2024-01-02 05:57:06.930 [info] > git config --get commit.template [12ms]
2024-01-02 05:57:06.935 [info] > git for-each-ref --format=%(refname)%00%(upstream:short)%00%(objectname)%00%(upstream:track)%00%(upstream:remotename)%00%(upstream:remoteref) refs/heads/main refs/remotes/main [6ms]
2024-01-02 05:57:06.950 [info] > git status -z -uall [6ms]
2024-01-02 05:57:12.025 [info] > git config --get commit.template [15ms]
2024-01-02 05:57:12.030 [info] > git for-each-ref --format=%(refname)%00%(upstream:short)%00%(objectname)%00%(upstream:track)%00%(upstream:remotename)%00%(upstream:remoteref) refs/heads/main refs/remotes/main [7ms]
2024-01-02 05:57:12.051 [info] > git status -z -uall [8ms]
2024-01-02 05:57:17.113 [info] > git config --get commit.template [13ms]
2024-01-02 05:57:17.118 [info] > git for-each-ref --format=%(refname)%00%(upstream:short)%00%(objectname)%00%(upstream:track)%00%(upstream:remotename)%00%(upstream:remoteref) refs/heads/main refs/remotes/main [6ms]
2024-01-02 05:57:17.141 [info] > git status -z -uall [13ms]
2024-01-02 05:57:22.211 [info] > git config --get commit.template [11ms]
2024-01-02 05:57:22.216 [info] > git for-each-ref --format=%(refname)%00%(upstream:short)%00%(objectname)%00%(upstream:track)%00%(upstream:remotename)%00%(upstream:remoteref) refs/heads/main refs/remotes/main [6ms]
2024-01-02 05:57:22.232 [info] > git status -z -uall [7ms]
2024-01-02 05:57:27.303 [info] > git config --get commit.template [13ms]
2024-01-02 05:57:27.308 [info] > git for-each-ref --format=%(refname)%00%(upstream:short)%00%(objectname)%00%(upstream:track)%00%(upstream:remotename)%00%(upstream:remoteref) refs/heads/main refs/remotes/main [7ms]
2024-01-02 05:57:27.327 [info] > git status -z -uall [6ms]
2024-01-02 05:57:32.403 [info] > git config --get commit.template [12ms]
2024-01-02 05:57:32.407 [info] > git for-each-ref --format=%(refname)%00%(upstream:short)%00%(objectname)%00%(upstream:track)%00%(upstream:remotename)%00%(upstream:remoteref) refs/heads/main refs/remotes/main [6ms]
2024-01-02 05:57:32.423 [info] > git status -z -uall [7ms]
2024-01-02 05:57:37.493 [info] > git config --get commit.template [12ms]
2024-01-02 05:57:37.497 [info] > git for-each-ref --format=%(refname)%00%(upstream:short)%00%(objectname)%00%(upstream:track)%00%(upstream:remotename)%00%(upstream:remoteref) refs/heads/main refs/remotes/main [5ms]
2024-01-02 05:57:37.515 [info] > git status -z -uall [7ms]
2024-01-02 05:57:42.583 [info] > git config --get commit.template [17ms]
2024-01-02 05:57:42.588 [info] > git for-each-ref --format=%(refname)%00%(upstream:short)%00%(objectname)%00%(upstream:track)%00%(upstream:remotename)%00%(upstream:remoteref) refs/heads/main refs/remotes/main [6ms]
2024-01-02 05:57:42.607 [info] > git status -z -uall [8ms]
2024-01-02 05:57:47.663 [info] > git config --get commit.template [11ms]
2024-01-02 05:57:47.667 [info] > git for-each-ref --format=%(refname)%00%(upstream:short)%00%(objectname)%00%(upstream:track)%00%(upstream:remotename)%00%(upstream:remoteref) refs/heads/main refs/remotes/main [4ms]
2024-01-02 05:57:47.684 [info] > git status -z -uall [10ms]
2024-01-02 05:57:52.745 [info] > git config --get commit.template [9ms]
2024-01-02 05:57:52.749 [info] > git for-each-ref --format=%(refname)%00%(upstream:short)%00%(objectname)%00%(upstream:track)%00%(upstream:remotename)%00%(upstream:remoteref) refs/heads/main refs/remotes/main [6ms]
2024-01-02 05:57:52.762 [info] > git status -z -uall [6ms]
2024-01-02 05:57:57.818 [info] > git config --get commit.template [11ms]
2024-01-02 05:57:57.821 [info] > git for-each-ref --format=%(refname)%00%(upstream:short)%00%(objectname)%00%(upstream:track)%00%(upstream:remotename)%00%(upstream:remoteref) refs/heads/main refs/remotes/main [4ms]
2024-01-02 05:57:57.835 [info] > git status -z -uall [6ms]
2024-01-02 05:58:02.900 [info] > git config --get commit.template [21ms]
2024-01-02 05:58:02.905 [info] > git for-each-ref --format=%(refname)%00%(upstream:short)%00%(objectname)%00%(upstream:track)%00%(upstream:remotename)%00%(upstream:remoteref) refs/heads/main refs/remotes/main [7ms]
2024-01-02 05:58:02.930 [info] > git status -z -uall [8ms]
2024-01-02 05:58:08.000 [info] > git config --get commit.template [10ms]
2024-01-02 05:58:08.005 [info] > git for-each-ref --format=%(refname)%00%(upstream:short)%00%(objectname)%00%(upstream:track)%00%(upstream:remotename)%00%(upstream:remoteref) refs/heads/main refs/remotes/main [6ms]
2024-01-02 05:58:08.020 [info] > git status -z -uall [6ms]
2024-01-02 05:58:13.165 [info] > git config --get commit.template [66ms]
2024-01-02 05:58:13.187 [info] > git for-each-ref --format=%(refname)%00%(upstream:short)%00%(objectname)%00%(upstream:track)%00%(upstream:remotename)%00%(upstream:remoteref) refs/heads/main refs/remotes/main [26ms]
2024-01-02 05:58:13.277 [info] > git status -z -uall [48ms]
2024-01-02 05:58:18.391 [info] > git config --get commit.template [42ms]
2024-01-02 05:58:18.401 [info] > git for-each-ref --format=%(refname)%00%(upstream:short)%00%(objectname)%00%(upstream:track)%00%(upstream:remotename)%00%(upstream:remoteref) refs/heads/main refs/remotes/main [12ms]
2024-01-02 05:58:18.433 [info] > git status -z -uall [16ms]
2024-01-02 05:58:23.491 [info] > git config --get commit.template [10ms]
2024-01-02 05:58:23.495 [info] > git for-each-ref --format=%(refname)%00%(upstream:short)%00%(objectname)%00%(upstream:track)%00%(upstream:remotename)%00%(upstream:remoteref) refs/heads/main refs/remotes/main [5ms]
2024-01-02 05:58:23.523 [info] > git status -z -uall [20ms]
2024-01-02 05:58:28.579 [info] > git config --get commit.template [12ms]
2024-01-02 05:58:28.583 [info] > git for-each-ref --format=%(refname)%00%(upstream:short)%00%(objectname)%00%(upstream:track)%00%(upstream:remotename)%00%(upstream:remoteref) refs/heads/main refs/remotes/main [8ms]
2024-01-02 05:58:28.598 [info] > git status -z -uall [6ms]
2024-01-02 05:58:33.744 [info] > git config --get commit.template [46ms]
2024-01-02 05:58:33.753 [info] > git for-each-ref --format=%(refname)%00%(upstream:short)%00%(objectname)%00%(upstream:track)%00%(upstream:remotename)%00%(upstream:remoteref) refs/heads/main refs/remotes/main [22ms]
2024-01-02 05:58:33.785 [info] > git status -z -uall [6ms]
2024-01-02 05:58:38.862 [info] > git config --get commit.template [13ms]
2024-01-02 05:58:38.867 [info] > git for-each-ref --format=%(refname)%00%(upstream:short)%00%(objectname)%00%(upstream:track)%00%(upstream:remotename)%00%(upstream:remoteref) refs/heads/main refs/remotes/main [6ms]
2024-01-02 05:58:38.883 [info] > git status -z -uall [7ms]
2024-01-02 05:58:44.013 [info] > git config --get commit.template [21ms]
2024-01-02 05:58:44.022 [info] > git for-each-ref --format=%(refname)%00%(upstream:short)%00%(objectname)%00%(upstream:track)%00%(upstream:remotename)%00%(upstream:remoteref) refs/heads/main refs/remotes/main [14ms]
2024-01-02 05:58:44.057 [info] > git status -z -uall [16ms]
2024-01-02 05:58:49.109 [info] > git config --get commit.template [11ms]
2024-01-02 05:58:49.112 [info] > git for-each-ref --format=%(refname)%00%(upstream:short)%00%(objectname)%00%(upstream:track)%00%(upstream:remotename)%00%(upstream:remoteref) refs/heads/main refs/remotes/main [4ms]
2024-01-02 05:58:49.125 [info] > git status -z -uall [6ms]
2024-01-02 05:58:54.211 [info] > git config --get commit.template [11ms]
2024-01-02 05:58:54.215 [info] > git for-each-ref --format=%(refname)%00%(upstream:short)%00%(objectname)%00%(upstream:track)%00%(upstream:remotename)%00%(upstream:remoteref) refs/heads/main refs/remotes/main [5ms]
2024-01-02 05:58:54.229 [info] > git status -z -uall [6ms]
2024-01-02 05:58:59.349 [info] > git config --get commit.template [42ms]
2024-01-02 05:58:59.368 [info] > git for-each-ref --format=%(refname)%00%(upstream:short)%00%(objectname)%00%(upstream:track)%00%(upstream:remotename)%00%(upstream:remoteref) refs/heads/main refs/remotes/main [20ms]
2024-01-02 05:58:59.408 [info] > git status -z -uall [19ms]
2024-01-02 05:59:04.545 [info] > git config --get commit.template [64ms]
2024-01-02 05:59:04.589 [info] > git for-each-ref --format=%(refname)%00%(upstream:short)%00%(objectname)%00%(upstream:track)%00%(upstream:remotename)%00%(upstream:remoteref) refs/heads/main refs/remotes/main [53ms]
2024-01-02 05:59:04.707 [info] > git status -z -uall [61ms]
2024-01-02 05:59:09.828 [info] > git config --get commit.template [15ms]
2024-01-02 05:59:09.837 [info] > git for-each-ref --format=%(refname)%00%(upstream:short)%00%(objectname)%00%(upstream:track)%00%(upstream:remotename)%00%(upstream:remoteref) refs/heads/main refs/remotes/main [13ms]
2024-01-02 05:59:09.859 [info] > git status -z -uall [8ms]
2024-01-02 05:59:14.914 [info] > git config --get commit.template [11ms]
2024-01-02 05:59:14.918 [info] > git for-each-ref --format=%(refname)%00%(upstream:short)%00%(objectname)%00%(upstream:track)%00%(upstream:remotename)%00%(upstream:remoteref) refs/heads/main refs/remotes/main [4ms]
2024-01-02 05:59:14.932 [info] > git status -z -uall [7ms]
2024-01-02 05:59:19.983 [info] > git config --get commit.template [10ms]
2024-01-02 05:59:19.987 [info] > git for-each-ref --format=%(refname)%00%(upstream:short)%00%(objectname)%00%(upstream:track)%00%(upstream:remotename)%00%(upstream:remoteref) refs/heads/main refs/remotes/main [5ms]
2024-01-02 05:59:20.004 [info] > git status -z -uall [7ms]
2024-01-02 05:59:25.057 [info] > git config --get commit.template [11ms]
2024-01-02 05:59:25.065 [info] > git for-each-ref --format=%(refname)%00%(upstream:short)%00%(objectname)%00%(upstream:track)%00%(upstream:remotename)%00%(upstream:remoteref) refs/heads/main refs/remotes/main [11ms]
2024-01-02 05:59:25.080 [info] > git status -z -uall [7ms]
2024-01-02 05:59:30.137 [info] > git config --get commit.template [9ms]
2024-01-02 05:59:30.141 [info] > git for-each-ref --format=%(refname)%00%(upstream:short)%00%(objectname)%00%(upstream:track)%00%(upstream:remotename)%00%(upstream:remoteref) refs/heads/main refs/remotes/main [5ms]
2024-01-02 05:59:30.155 [info] > git status -z -uall [6ms]
2024-01-02 05:59:35.251 [info] > git config --get commit.template [34ms]
2024-01-02 05:59:35.281 [info] > git for-each-ref --format=%(refname)%00%(upstream:short)%00%(objectname)%00%(upstream:track)%00%(upstream:remotename)%00%(upstream:remoteref) refs/heads/main refs/remotes/main [36ms]
2024-01-02 05:59:35.364 [info] > git status -z -uall [36ms]
2024-01-02 06:10:45.156 [info] > git config --get commit.template [14ms]
2024-01-02 06:10:45.180 [info] > git for-each-ref --format=%(refname)%00%(upstream:short)%00%(objectname)%00%(upstream:track)%00%(upstream:remotename)%00%(upstream:remoteref) refs/heads/main refs/remotes/main [12ms]
2024-01-02 06:10:45.222 [info] > git status -z -uall [27ms]
2024-01-02 06:10:50.303 [info] > git config --get commit.template [9ms]
2024-01-02 06:10:50.311 [info] > git for-each-ref --format=%(refname)%00%(upstream:short)%00%(objectname)%00%(upstream:track)%00%(upstream:remotename)%00%(upstream:remoteref) refs/heads/main refs/remotes/main [10ms]
2024-01-02 06:10:50.325 [info] > git status -z -uall [6ms]
2024-01-02 06:10:55.388 [info] > git config --get commit.template [12ms]
2024-01-02 06:10:55.392 [info] > git for-each-ref --format=%(refname)%00%(upstream:short)%00%(objectname)%00%(upstream:track)%00%(upstream:remotename)%00%(upstream:remoteref) refs/heads/main refs/remotes/main [5ms]
2024-01-02 06:10:55.413 [info] > git status -z -uall [10ms]
2024-01-02 06:11:00.467 [info] > git config --get commit.template [10ms]
2024-01-02 06:11:00.471 [info] > git for-each-ref --format=%(refname)%00%(upstream:short)%00%(objectname)%00%(upstream:track)%00%(upstream:remotename)%00%(upstream:remoteref) refs/heads/main refs/remotes/main [4ms]
2024-01-02 06:11:00.484 [info] > git status -z -uall [6ms]
2024-01-02 06:11:05.591 [info] > git config --get commit.template [26ms]
2024-01-02 06:11:05.600 [info] > git for-each-ref --format=%(refname)%00%(upstream:short)%00%(objectname)%00%(upstream:track)%00%(upstream:remotename)%00%(upstream:remoteref) refs/heads/main refs/remotes/main [11ms]
2024-01-02 06:11:05.613 [info] > git status -z -uall [6ms]
2024-01-02 06:11:10.741 [info] > git config --get commit.template [38ms]
2024-01-02 06:11:10.750 [info] > git for-each-ref --format=%(refname)%00%(upstream:short)%00%(objectname)%00%(upstream:track)%00%(upstream:remotename)%00%(upstream:remoteref) refs/heads/main refs/remotes/main [18ms]
2024-01-02 06:11:10.808 [info] > git status -z -uall [22ms]
2024-01-02 06:11:15.882 [info] > git config --get commit.template [20ms]
2024-01-02 06:11:15.886 [info] > git for-each-ref --format=%(refname)%00%(upstream:short)%00%(objectname)%00%(upstream:track)%00%(upstream:remotename)%00%(upstream:remoteref) refs/heads/main refs/remotes/main [8ms]
2024-01-02 06:11:15.908 [info] > git status -z -uall [7ms]
2024-01-02 06:11:20.960 [info] > git config --get commit.template [9ms]
2024-01-02 06:11:20.964 [info] > git for-each-ref --format=%(refname)%00%(upstream:short)%00%(objectname)%00%(upstream:track)%00%(upstream:remotename)%00%(upstream:remoteref) refs/heads/main refs/remotes/main [5ms]
2024-01-02 06:11:20.992 [info] > git status -z -uall [11ms]
2024-01-02 06:11:26.053 [info] > git config --get commit.template [13ms]
2024-01-02 06:11:26.058 [info] > git for-each-ref --format=%(refname)%00%(upstream:short)%00%(objectname)%00%(upstream:track)%00%(upstream:remotename)%00%(upstream:remoteref) refs/heads/main refs/remotes/main [6ms]
2024-01-02 06:11:26.078 [info] > git status -z -uall [8ms]
2024-01-02 06:11:31.156 [info] > git config --get commit.template [12ms]
2024-01-02 06:11:31.160 [info] > git for-each-ref --format=%(refname)%00%(upstream:short)%00%(objectname)%00%(upstream:track)%00%(upstream:remotename)%00%(upstream:remoteref) refs/heads/main refs/remotes/main [5ms]
2024-01-02 06:11:31.176 [info] > git status -z -uall [8ms]
2024-01-02 06:11:36.238 [info] > git config --get commit.template [10ms]
2024-01-02 06:11:36.242 [info] > git for-each-ref --format=%(refname)%00%(upstream:short)%00%(objectname)%00%(upstream:track)%00%(upstream:remotename)%00%(upstream:remoteref) refs/heads/main refs/remotes/main [5ms]
2024-01-02 06:11:36.255 [info] > git status -z -uall [6ms]
2024-01-02 06:11:41.324 [info] > git config --get commit.template [11ms]
2024-01-02 06:11:41.328 [info] > git for-each-ref --format=%(refname)%00%(upstream:short)%00%(objectname)%00%(upstream:track)%00%(upstream:remotename)%00%(upstream:remoteref) refs/heads/main refs/remotes/main [5ms]
2024-01-02 06:11:41.341 [info] > git status -z -uall [6ms]
2024-01-02 06:11:46.388 [info] > git config --get commit.template [9ms]
2024-01-02 06:11:46.404 [info] > git for-each-ref --format=%(refname)%00%(upstream:short)%00%(objectname)%00%(upstream:track)%00%(upstream:remotename)%00%(upstream:remoteref) refs/heads/main refs/remotes/main [8ms]
2024-01-02 06:11:46.425 [info] > git status -z -uall [10ms]
2024-01-02 06:11:51.482 [info] > git config --get commit.template [9ms]
2024-01-02 06:11:51.485 [info] > git for-each-ref --format=%(refname)%00%(upstream:short)%00%(objectname)%00%(upstream:track)%00%(upstream:remotename)%00%(upstream:remoteref) refs/heads/main refs/remotes/main [5ms]
2024-01-02 06:11:51.498 [info] > git status -z -uall [6ms]
2024-01-02 06:11:56.560 [info] > git config --get commit.template [10ms]
2024-01-02 06:11:56.564 [info] > git for-each-ref --format=%(refname)%00%(upstream:short)%00%(objectname)%00%(upstream:track)%00%(upstream:remotename)%00%(upstream:remoteref) refs/heads/main refs/remotes/main [5ms]
2024-01-02 06:11:56.577 [info] > git status -z -uall [5ms]
2024-01-02 06:12:01.636 [info] > git config --get commit.template [10ms]
2024-01-02 06:12:01.639 [info] > git for-each-ref --format=%(refname)%00%(upstream:short)%00%(objectname)%00%(upstream:track)%00%(upstream:remotename)%00%(upstream:remoteref) refs/heads/main refs/remotes/main [4ms]
2024-01-02 06:12:01.654 [info] > git status -z -uall [7ms]
2024-01-02 06:12:06.690 [info] > git config --get commit.template [11ms]
2024-01-02 06:12:06.694 [info] > git for-each-ref --format=%(refname)%00%(upstream:short)%00%(objectname)%00%(upstream:track)%00%(upstream:remotename)%00%(upstream:remoteref) refs/heads/main refs/remotes/main [5ms]
2024-01-02 06:12:06.708 [info] > git status -z -uall [6ms]
2024-01-02 06:12:11.756 [info] > git config --get commit.template [9ms]
2024-01-02 06:12:11.760 [info] > git for-each-ref --format=%(refname)%00%(upstream:short)%00%(objectname)%00%(upstream:track)%00%(upstream:remotename)%00%(upstream:remoteref) refs/heads/main refs/remotes/main [5ms]
2024-01-02 06:12:11.774 [info] > git status -z -uall [6ms]
2024-01-02 06:12:16.971 [info] > git config --get commit.template [88ms]
2024-01-02 06:12:16.996 [info] > git for-each-ref --format=%(refname)%00%(upstream:short)%00%(objectname)%00%(upstream:track)%00%(upstream:remotename)%00%(upstream:remoteref) refs/heads/main refs/remotes/main [26ms]
2024-01-02 06:12:17.117 [info] > git status -z -uall [60ms]
2024-01-02 06:12:22.378 [info] > git config --get commit.template [44ms]
2024-01-02 06:12:22.382 [info] > git for-each-ref --format=%(refname)%00%(upstream:short)%00%(objectname)%00%(upstream:track)%00%(upstream:remotename)%00%(upstream:remoteref) refs/heads/main refs/remotes/main [5ms]
2024-01-02 06:12:22.427 [info] > git status -z -uall [25ms]
2024-01-02 06:12:27.482 [info] > git config --get commit.template [11ms]
2024-01-02 06:12:27.486 [info] > git for-each-ref --format=%(refname)%00%(upstream:short)%00%(objectname)%00%(upstream:track)%00%(upstream:remotename)%00%(upstream:remoteref) refs/heads/main refs/remotes/main [6ms]
2024-01-02 06:12:27.502 [info] > git status -z -uall [7ms]
2024-01-02 06:12:32.582 [info] > git config --get commit.template [18ms]
2024-01-02 06:12:32.597 [info] > git for-each-ref --format=%(refname)%00%(upstream:short)%00%(objectname)%00%(upstream:track)%00%(upstream:remotename)%00%(upstream:remoteref) refs/heads/main refs/remotes/main [19ms]
2024-01-02 06:12:32.627 [info] > git status -z -uall [9ms]
2024-01-02 06:12:37.710 [info] > git config --get commit.template [16ms]
2024-01-02 06:12:37.715 [info] > git for-each-ref --format=%(refname)%00%(upstream:short)%00%(objectname)%00%(upstream:track)%00%(upstream:remotename)%00%(upstream:remoteref) refs/heads/main refs/remotes/main [7ms]
2024-01-02 06:12:37.741 [info] > git status -z -uall [12ms]
2024-01-02 06:12:42.819 [info] > git config --get commit.template [15ms]
2024-01-02 06:12:42.823 [info] > git for-each-ref --format=%(refname)%00%(upstream:short)%00%(objectname)%00%(upstream:track)%00%(upstream:remotename)%00%(upstream:remoteref) refs/heads/main refs/remotes/main [7ms]
2024-01-02 06:12:42.841 [info] > git status -z -uall [7ms]
2024-01-02 06:13:18.865 [info] > git config --get commit.template [57ms]
2024-01-02 06:13:18.902 [info] > git for-each-ref --format=%(refname)%00%(upstream:short)%00%(objectname)%00%(upstream:track)%00%(upstream:remotename)%00%(upstream:remoteref) refs/heads/main refs/remotes/main [38ms]
2024-01-02 06:13:18.984 [info] > git status -z -uall [41ms]
2024-01-02 06:13:24.086 [info] > git config --get commit.template [14ms]
2024-01-02 06:13:24.091 [info] > git for-each-ref --format=%(refname)%00%(upstream:short)%00%(objectname)%00%(upstream:track)%00%(upstream:remotename)%00%(upstream:remoteref) refs/heads/main refs/remotes/main [6ms]
2024-01-02 06:13:24.111 [info] > git status -z -uall [8ms]
2024-01-02 06:17:09.866 [info] > git config --get commit.template [70ms]
2024-01-02 06:17:09.893 [info] > git for-each-ref --format=%(refname)%00%(upstream:short)%00%(objectname)%00%(upstream:track)%00%(upstream:remotename)%00%(upstream:remoteref) refs/heads/main refs/remotes/main [29ms]
2024-01-02 06:17:09.972 [info] > git status -z -uall [41ms]
2024-01-02 06:17:15.041 [info] > git config --get commit.template [11ms]
2024-01-02 06:17:15.051 [info] > git for-each-ref --format=%(refname)%00%(upstream:short)%00%(objectname)%00%(upstream:track)%00%(upstream:remotename)%00%(upstream:remoteref) refs/heads/main refs/remotes/main [10ms]
2024-01-02 06:17:15.095 [info] > git status -z -uall [21ms]
2024-01-02 06:17:20.220 [info] > git config --get commit.template [12ms]
2024-01-02 06:17:20.224 [info] > git for-each-ref --format=%(refname)%00%(upstream:short)%00%(objectname)%00%(upstream:track)%00%(upstream:remotename)%00%(upstream:remoteref) refs/heads/main refs/remotes/main [6ms]
2024-01-02 06:17:20.242 [info] > git status -z -uall [8ms]
2024-01-02 06:17:25.327 [info] > git config --get commit.template [12ms]
2024-01-02 06:17:25.347 [info] > git for-each-ref --format=%(refname)%00%(upstream:short)%00%(objectname)%00%(upstream:track)%00%(upstream:remotename)%00%(upstream:remoteref) refs/heads/main refs/remotes/main [21ms]
2024-01-02 06:17:25.384 [info] > git status -z -uall [10ms]
2024-01-02 06:17:30.444 [info] > git config --get commit.template [12ms]
2024-01-02 06:17:30.448 [info] > git for-each-ref --format=%(refname)%00%(upstream:short)%00%(objectname)%00%(upstream:track)%00%(upstream:remotename)%00%(upstream:remoteref) refs/heads/main refs/remotes/main [5ms]
2024-01-02 06:17:30.463 [info] > git status -z -uall [6ms]
2024-01-02 06:17:35.526 [info] > git config --get commit.template [15ms]
2024-01-02 06:17:35.531 [info] > git for-each-ref --format=%(refname)%00%(upstream:short)%00%(objectname)%00%(upstream:track)%00%(upstream:remotename)%00%(upstream:remoteref) refs/heads/main refs/remotes/main [7ms]
2024-01-02 06:17:35.550 [info] > git status -z -uall [8ms]
2024-01-02 06:17:40.612 [info] > git config --get commit.template [10ms]
2024-01-02 06:17:40.615 [info] > git for-each-ref --format=%(refname)%00%(upstream:short)%00%(objectname)%00%(upstream:track)%00%(upstream:remotename)%00%(upstream:remoteref) refs/heads/main refs/remotes/main [4ms]
2024-01-02 06:17:40.630 [info] > git status -z -uall [6ms]
2024-01-02 06:17:45.685 [info] > git config --get commit.template [13ms]
2024-01-02 06:17:45.689 [info] > git for-each-ref --format=%(refname)%00%(upstream:short)%00%(objectname)%00%(upstream:track)%00%(upstream:remotename)%00%(upstream:remoteref) refs/heads/main refs/remotes/main [5ms]
2024-01-02 06:17:45.709 [info] > git status -z -uall [7ms]
2024-01-02 06:17:50.762 [info] > git config --get commit.template [11ms]
2024-01-02 06:17:50.766 [info] > git for-each-ref --format=%(refname)%00%(upstream:short)%00%(objectname)%00%(upstream:track)%00%(upstream:remotename)%00%(upstream:remoteref) refs/heads/main refs/remotes/main [5ms]
2024-01-02 06:17:50.783 [info] > git status -z -uall [8ms]
2024-01-02 06:17:55.850 [info] > git config --get commit.template [14ms]
2024-01-02 06:17:55.855 [info] > git for-each-ref --format=%(refname)%00%(upstream:short)%00%(objectname)%00%(upstream:track)%00%(upstream:remotename)%00%(upstream:remoteref) refs/heads/main refs/remotes/main [6ms]
2024-01-02 06:17:55.869 [info] > git status -z -uall [5ms]
2024-01-02 06:18:00.976 [info] > git config --get commit.template [50ms]
2024-01-02 06:18:00.989 [info] > git for-each-ref --format=%(refname)%00%(upstream:short)%00%(objectname)%00%(upstream:track)%00%(upstream:remotename)%00%(upstream:remoteref) refs/heads/main refs/remotes/main [14ms]
2024-01-02 06:18:01.039 [info] > git status -z -uall [19ms]
2024-01-02 06:18:06.118 [info] > git config --get commit.template [19ms]
2024-01-02 06:18:06.127 [info] > git for-each-ref --format=%(refname)%00%(upstream:short)%00%(objectname)%00%(upstream:track)%00%(upstream:remotename)%00%(upstream:remoteref) refs/heads/main refs/remotes/main [11ms]
2024-01-02 06:18:06.151 [info] > git status -z -uall [12ms]
2024-01-02 06:18:11.245 [info] > git config --get commit.template [14ms]
2024-01-02 06:18:11.265 [info] > git for-each-ref --format=%(refname)%00%(upstream:short)%00%(objectname)%00%(upstream:track)%00%(upstream:remotename)%00%(upstream:remoteref) refs/heads/main refs/remotes/main [20ms]
2024-01-02 06:18:11.316 [info] > git status -z -uall [15ms]
2024-01-02 06:18:16.433 [info] > git config --get commit.template [20ms]
2024-01-02 06:18:16.437 [info] > git for-each-ref --format=%(refname)%00%(upstream:short)%00%(objectname)%00%(upstream:track)%00%(upstream:remotename)%00%(upstream:remoteref) refs/heads/main refs/remotes/main [5ms]
2024-01-02 06:18:16.493 [info] > git status -z -uall [11ms]
2024-01-02 06:18:21.599 [info] > git config --get commit.template [25ms]
2024-01-02 06:18:21.618 [info] > git for-each-ref --format=%(refname)%00%(upstream:short)%00%(objectname)%00%(upstream:track)%00%(upstream:remotename)%00%(upstream:remoteref) refs/heads/main refs/remotes/main [20ms]
2024-01-02 06:18:21.673 [info] > git status -z -uall [23ms]
2024-01-02 06:18:26.741 [info] > git config --get commit.template [9ms]
2024-01-02 06:18:26.745 [info] > git for-each-ref --format=%(refname)%00%(upstream:short)%00%(objectname)%00%(upstream:track)%00%(upstream:remotename)%00%(upstream:remoteref) refs/heads/main refs/remotes/main [5ms]
2024-01-02 06:18:26.759 [info] > git status -z -uall [6ms]
2024-01-02 06:18:31.806 [info] > git config --get commit.template [10ms]
2024-01-02 06:18:31.809 [info] > git for-each-ref --format=%(refname)%00%(upstream:short)%00%(objectname)%00%(upstream:track)%00%(upstream:remotename)%00%(upstream:remoteref) refs/heads/main refs/remotes/main [5ms]
2024-01-02 06:18:31.825 [info] > git status -z -uall [6ms]
2024-01-02 06:18:36.876 [info] > git config --get commit.template [13ms]
2024-01-02 06:18:36.881 [info] > git for-each-ref --format=%(refname)%00%(upstream:short)%00%(objectname)%00%(upstream:track)%00%(upstream:remotename)%00%(upstream:remoteref) refs/heads/main refs/remotes/main [6ms]
2024-01-02 06:18:36.897 [info] > git status -z -uall [7ms]
2024-01-02 06:18:41.977 [info] > git config --get commit.template [13ms]
2024-01-02 06:18:41.983 [info] > git for-each-ref --format=%(refname)%00%(upstream:short)%00%(objectname)%00%(upstream:track)%00%(upstream:remotename)%00%(upstream:remoteref) refs/heads/main refs/remotes/main [6ms]
2024-01-02 06:18:41.999 [info] > git status -z -uall [6ms]
2024-01-02 06:18:47.058 [info] > git config --get commit.template [12ms]
2024-01-02 06:18:47.063 [info] > git for-each-ref --format=%(refname)%00%(upstream:short)%00%(objectname)%00%(upstream:track)%00%(upstream:remotename)%00%(upstream:remoteref) refs/heads/main refs/remotes/main [5ms]
2024-01-02 06:18:47.079 [info] > git status -z -uall [6ms]
2024-01-02 06:18:52.144 [info] > git config --get commit.template [17ms]
2024-01-02 06:18:52.148 [info] > git for-each-ref --format=%(refname)%00%(upstream:short)%00%(objectname)%00%(upstream:track)%00%(upstream:remotename)%00%(upstream:remoteref) refs/heads/main refs/remotes/main [6ms]
2024-01-02 06:18:52.165 [info] > git status -z -uall [6ms]
2024-01-02 06:18:57.234 [info] > git config --get commit.template [11ms]
2024-01-02 06:18:57.238 [info] > git for-each-ref --format=%(refname)%00%(upstream:short)%00%(objectname)%00%(upstream:track)%00%(upstream:remotename)%00%(upstream:remoteref) refs/heads/main refs/remotes/main [5ms]
2024-01-02 06:18:57.253 [info] > git status -z -uall [6ms]
2024-01-02 06:19:02.386 [info] > git config --get commit.template [12ms]
2024-01-02 06:19:02.390 [info] > git for-each-ref --format=%(refname)%00%(upstream:short)%00%(objectname)%00%(upstream:track)%00%(upstream:remotename)%00%(upstream:remoteref) refs/heads/main refs/remotes/main [6ms]
2024-01-02 06:19:02.407 [info] > git status -z -uall [7ms]
2024-01-02 06:19:07.466 [info] > git config --get commit.template [15ms]
2024-01-02 06:19:07.471 [info] > git for-each-ref --format=%(refname)%00%(upstream:short)%00%(objectname)%00%(upstream:track)%00%(upstream:remotename)%00%(upstream:remoteref) refs/heads/main refs/remotes/main [6ms]
2024-01-02 06:19:07.491 [info] > git status -z -uall [9ms]
2024-01-02 06:19:12.548 [info] > git config --get commit.template [12ms]
2024-01-02 06:19:12.552 [info] > git for-each-ref --format=%(refname)%00%(upstream:short)%00%(objectname)%00%(upstream:track)%00%(upstream:remotename)%00%(upstream:remoteref) refs/heads/main refs/remotes/main [5ms]
2024-01-02 06:19:12.568 [info] > git status -z -uall [7ms]
2024-01-02 06:19:17.715 [info] > git config --get commit.template [84ms]
2024-01-02 06:19:17.730 [info] > git for-each-ref --format=%(refname)%00%(upstream:short)%00%(objectname)%00%(upstream:track)%00%(upstream:remotename)%00%(upstream:remoteref) refs/heads/main refs/remotes/main [17ms]
2024-01-02 06:19:17.837 [info] > git status -z -uall [57ms]
2024-01-02 06:19:21.881 [info] > git ls-files --stage -- /root/sugihkan/btc-usd_data.csv [20ms]
2024-01-02 06:19:21.924 [info] > git show --textconv :btc-usd_data.csv [115ms]
2024-01-02 06:19:21.981 [info] > git cat-file -s cbbcf06f9b2dc2e0b025dce1b7eb2214bacaa39a [69ms]
2024-01-02 06:19:22.958 [info] > git config --get commit.template [18ms]
2024-01-02 06:19:22.989 [info] > git for-each-ref --format=%(refname)%00%(upstream:short)%00%(objectname)%00%(upstream:track)%00%(upstream:remotename)%00%(upstream:remoteref) refs/heads/main refs/remotes/main [32ms]
2024-01-02 06:19:23.066 [info] > git status -z -uall [37ms]
2024-01-02 06:19:28.163 [info] > git config --get commit.template [10ms]
2024-01-02 06:19:28.166 [info] > git for-each-ref --format=%(refname)%00%(upstream:short)%00%(objectname)%00%(upstream:track)%00%(upstream:remotename)%00%(upstream:remoteref) refs/heads/main refs/remotes/main [4ms]
2024-01-02 06:19:28.179 [info] > git status -z -uall [6ms]
2024-01-02 06:19:33.245 [info] > git config --get commit.template [16ms]
2024-01-02 06:19:33.250 [info] > git for-each-ref --format=%(refname)%00%(upstream:short)%00%(objectname)%00%(upstream:track)%00%(upstream:remotename)%00%(upstream:remoteref) refs/heads/main refs/remotes/main [5ms]
2024-01-02 06:19:33.280 [info] > git status -z -uall [8ms]
2024-01-02 06:19:38.402 [info] > git config --get commit.template [50ms]
2024-01-02 06:19:38.419 [info] > git for-each-ref --format=%(refname)%00%(upstream:short)%00%(objectname)%00%(upstream:track)%00%(upstream:remotename)%00%(upstream:remoteref) refs/heads/main refs/remotes/main [20ms]
2024-01-02 06:19:38.490 [info] > git status -z -uall [25ms]
2024-01-02 06:19:43.543 [info] > git config --get commit.template [12ms]
2024-01-02 06:19:43.548 [info] > git for-each-ref --format=%(refname)%00%(upstream:short)%00%(objectname)%00%(upstream:track)%00%(upstream:remotename)%00%(upstream:remoteref) refs/heads/main refs/remotes/main [5ms]
2024-01-02 06:19:43.566 [info] > git status -z -uall [8ms]
2024-01-02 06:19:48.618 [info] > git config --get commit.template [10ms]
2024-01-02 06:19:48.621 [info] > git for-each-ref --format=%(refname)%00%(upstream:short)%00%(objectname)%00%(upstream:track)%00%(upstream:remotename)%00%(upstream:remoteref) refs/heads/main refs/remotes/main [4ms]
2024-01-02 06:19:48.635 [info] > git status -z -uall [6ms]
2024-01-02 06:19:53.721 [info] > git config --get commit.template [13ms]
2024-01-02 06:19:53.725 [info] > git for-each-ref --format=%(refname)%00%(upstream:short)%00%(objectname)%00%(upstream:track)%00%(upstream:remotename)%00%(upstream:remoteref) refs/heads/main refs/remotes/main [5ms]
2024-01-02 06:19:53.740 [info] > git status -z -uall [6ms]
2024-01-02 06:19:58.828 [info] > git config --get commit.template [26ms]
2024-01-02 06:19:58.833 [info] > git for-each-ref --format=%(refname)%00%(upstream:short)%00%(objectname)%00%(upstream:track)%00%(upstream:remotename)%00%(upstream:remoteref) refs/heads/main refs/remotes/main [6ms]
2024-01-02 06:19:58.860 [info] > git status -z -uall [13ms]
2024-01-02 06:20:05.889 [info] > git config --get commit.template [90ms]
2024-01-02 06:20:05.901 [info] > git for-each-ref --format=%(refname)%00%(upstream:short)%00%(objectname)%00%(upstream:track)%00%(upstream:remotename)%00%(upstream:remoteref) refs/heads/main refs/remotes/main [60ms]
2024-01-02 06:20:06.111 [info] > git status -z -uall [117ms]
2024-01-02 06:20:11.274 [info] > git config --get commit.template [27ms]
2024-01-02 06:20:11.288 [info] > git for-each-ref --format=%(refname)%00%(upstream:short)%00%(objectname)%00%(upstream:track)%00%(upstream:remotename)%00%(upstream:remoteref) refs/heads/main refs/remotes/main [28ms]
2024-01-02 06:20:11.328 [info] > git status -z -uall [22ms]
2024-01-02 06:20:20.861 [info] > git config --get commit.template [15ms]
2024-01-02 06:20:20.891 [info] > git for-each-ref --format=%(refname)%00%(upstream:short)%00%(objectname)%00%(upstream:track)%00%(upstream:remotename)%00%(upstream:remoteref) refs/heads/main refs/remotes/main [35ms]
2024-01-02 06:20:20.936 [info] > git status -z -uall [32ms]
2024-01-02 06:20:26.077 [info] > git config --get commit.template [28ms]
2024-01-02 06:20:26.100 [info] > git for-each-ref --format=%(refname)%00%(upstream:short)%00%(objectname)%00%(upstream:track)%00%(upstream:remotename)%00%(upstream:remoteref) refs/heads/main refs/remotes/main [24ms]
2024-01-02 06:20:26.168 [info] > git status -z -uall [31ms]
2024-01-02 06:20:31.331 [info] > git config --get commit.template [33ms]
2024-01-02 06:20:31.337 [info] > git for-each-ref --format=%(refname)%00%(upstream:short)%00%(objectname)%00%(upstream:track)%00%(upstream:remotename)%00%(upstream:remoteref) refs/heads/main refs/remotes/main [9ms]
2024-01-02 06:20:31.392 [info] > git status -z -uall [25ms]
2024-01-02 06:20:36.490 [info] > git config --get commit.template [37ms]
2024-01-02 06:20:36.498 [info] > git for-each-ref --format=%(refname)%00%(upstream:short)%00%(objectname)%00%(upstream:track)%00%(upstream:remotename)%00%(upstream:remoteref) refs/heads/main refs/remotes/main [9ms]
2024-01-02 06:20:36.546 [info] > git status -z -uall [23ms]
2024-01-02 06:20:41.685 [info] > git config --get commit.template [38ms]
2024-01-02 06:20:41.707 [info] > git for-each-ref --format=%(refname)%00%(upstream:short)%00%(objectname)%00%(upstream:track)%00%(upstream:remotename)%00%(upstream:remoteref) refs/heads/main refs/remotes/main [23ms]
2024-01-02 06:20:41.778 [info] > git status -z -uall [34ms]
2024-01-02 06:20:50.835 [info] > git config --get commit.template [15ms]
2024-01-02 06:20:50.847 [info] > git for-each-ref --format=%(refname)%00%(upstream:short)%00%(objectname)%00%(upstream:track)%00%(upstream:remotename)%00%(upstream:remoteref) refs/heads/main refs/remotes/main [15ms]
2024-01-02 06:20:50.883 [info] > git status -z -uall [18ms]
2024-01-02 06:20:55.984 [info] > git config --get commit.template [25ms]
2024-01-02 06:20:55.995 [info] > git for-each-ref --format=%(refname)%00%(upstream:short)%00%(objectname)%00%(upstream:track)%00%(upstream:remotename)%00%(upstream:remoteref) refs/heads/main refs/remotes/main [12ms]
2024-01-02 06:20:56.039 [info] > git status -z -uall [25ms]
2024-01-02 06:21:01.235 [info] > git config --get commit.template [22ms]
2024-01-02 06:21:01.252 [info] > git for-each-ref --format=%(refname)%00%(upstream:short)%00%(objectname)%00%(upstream:track)%00%(upstream:remotename)%00%(upstream:remoteref) refs/heads/main refs/remotes/main [20ms]
2024-01-02 06:21:01.294 [info] > git status -z -uall [20ms]
2024-01-02 06:21:06.374 [info] > git config --get commit.template [17ms]
2024-01-02 06:21:06.383 [info] > git for-each-ref --format=%(refname)%00%(upstream:short)%00%(objectname)%00%(upstream:track)%00%(upstream:remotename)%00%(upstream:remoteref) refs/heads/main refs/remotes/main [11ms]
2024-01-02 06:21:06.422 [info] > git status -z -uall [15ms]
2024-01-02 06:21:11.586 [info] > git config --get commit.template [17ms]
2024-01-02 06:21:11.592 [info] > git for-each-ref --format=%(refname)%00%(upstream:short)%00%(objectname)%00%(upstream:track)%00%(upstream:remotename)%00%(upstream:remoteref) refs/heads/main refs/remotes/main [7ms]
2024-01-02 06:21:11.614 [info] > git status -z -uall [11ms]
2024-01-02 06:21:20.032 [info] > git config --get commit.template [18ms]
2024-01-02 06:21:20.037 [info] > git for-each-ref --format=%(refname)%00%(upstream:short)%00%(objectname)%00%(upstream:track)%00%(upstream:remotename)%00%(upstream:remoteref) refs/heads/main refs/remotes/main [8ms]
2024-01-02 06:21:20.060 [info] > git status -z -uall [10ms]
2024-01-02 06:21:27.573 [info] > git config --get commit.template [34ms]
2024-01-02 06:21:27.666 [info] > git ls-files --stage -- /root/sugihkan/ada-usd_data.csv [30ms]
2024-01-02 06:21:27.683 [info] > git show --textconv :ada-usd_data.csv [72ms]
2024-01-02 06:21:27.684 [info] > git for-each-ref --format=%(refname)%00%(upstream:short)%00%(objectname)%00%(upstream:track)%00%(upstream:remotename)%00%(upstream:remoteref) refs/heads/main refs/remotes/main [22ms]
2024-01-02 06:21:27.701 [info] > git cat-file -s af2ea1f2428eb1f69bebb9e20639ac76ca98180e [21ms]
2024-01-02 06:21:27.788 [info] > git status -z -uall [35ms]
2024-01-02 06:21:32.871 [info] > git config --get commit.template [15ms]
2024-01-02 06:21:32.874 [info] > git for-each-ref --format=%(refname)%00%(upstream:short)%00%(objectname)%00%(upstream:track)%00%(upstream:remotename)%00%(upstream:remoteref) refs/heads/main refs/remotes/main [4ms]
2024-01-02 06:21:32.893 [info] > git status -z -uall [8ms]
2024-01-02 06:21:42.603 [info] > git config --get commit.template [13ms]
2024-01-02 06:21:42.616 [info] > git for-each-ref --format=%(refname)%00%(upstream:short)%00%(objectname)%00%(upstream:track)%00%(upstream:remotename)%00%(upstream:remoteref) refs/heads/main refs/remotes/main [15ms]
2024-01-02 06:21:42.647 [info] > git status -z -uall [13ms]
2024-01-02 06:21:47.793 [info] > git config --get commit.template [29ms]
2024-01-02 06:21:47.809 [info] > git for-each-ref --format=%(refname)%00%(upstream:short)%00%(objectname)%00%(upstream:track)%00%(upstream:remotename)%00%(upstream:remoteref) refs/heads/main refs/remotes/main [19ms]
2024-01-02 06:21:47.855 [info] > git status -z -uall [24ms]
2024-01-02 06:21:52.963 [info] > git config --get commit.template [14ms]
2024-01-02 06:21:52.967 [info] > git for-each-ref --format=%(refname)%00%(upstream:short)%00%(objectname)%00%(upstream:track)%00%(upstream:remotename)%00%(upstream:remoteref) refs/heads/main refs/remotes/main [5ms]
2024-01-02 06:21:52.993 [info] > git status -z -uall [11ms]
2024-01-02 06:21:58.181 [info] > git config --get commit.template [58ms]
2024-01-02 06:21:58.191 [info] > git for-each-ref --format=%(refname)%00%(upstream:short)%00%(objectname)%00%(upstream:track)%00%(upstream:remotename)%00%(upstream:remoteref) refs/heads/main refs/remotes/main [14ms]
2024-01-02 06:21:58.606 [info] > git status -z -uall [151ms]
2024-01-02 06:22:04.376 [info] > git config --get commit.template [96ms]
2024-01-02 06:22:04.413 [info] > git for-each-ref --format=%(refname)%00%(upstream:short)%00%(objectname)%00%(upstream:track)%00%(upstream:remotename)%00%(upstream:remoteref) refs/heads/main refs/remotes/main [41ms]
2024-01-02 06:22:04.536 [info] > git status -z -uall [65ms]
2024-01-02 06:22:09.587 [info] > git check-ignore -v -z --stdin [18ms]
2024-01-02 06:22:09.697 [info] > git config --get commit.template [51ms]
2024-01-02 06:22:09.740 [info] > git for-each-ref --format=%(refname)%00%(upstream:short)%00%(objectname)%00%(upstream:track)%00%(upstream:remotename)%00%(upstream:remoteref) refs/heads/main refs/remotes/main [48ms]
2024-01-02 06:22:09.823 [info] > git status -z -uall [52ms]
2024-01-02 06:22:12.689 [info] > git ls-files --stage -- /root/sugihkan/ada-usd_data.csv [38ms]
2024-01-02 06:22:12.789 [info] > git show --textconv :ada-usd_data.csv [236ms]
2024-01-02 06:22:12.932 [info] > git cat-file -s af2ea1f2428eb1f69bebb9e20639ac76ca98180e [149ms]
2024-01-02 06:22:15.310 [info] > git for-each-ref --format=%(refname)%00%(upstream:short)%00%(objectname)%00%(upstream:track)%00%(upstream:remotename)%00%(upstream:remoteref) refs/heads/main refs/remotes/main [91ms]
2024-01-02 06:22:15.347 [info] > git config --get commit.template [249ms]
2024-01-02 06:22:15.746 [info] > git status -z -uall [113ms]
2024-01-02 06:22:22.508 [info] > git config --get commit.template [13ms]
2024-01-02 06:22:22.511 [info] > git for-each-ref --format=%(refname)%00%(upstream:short)%00%(objectname)%00%(upstream:track)%00%(upstream:remotename)%00%(upstream:remoteref) refs/heads/main refs/remotes/main [5ms]
2024-01-02 06:22:22.533 [info] > git status -z -uall [11ms]
2024-01-02 06:22:24.575 [info] > git rev-parse --show-toplevel [26ms]
2024-01-02 06:22:24.576 [info] fatal: not a git repository (or any of the parent directories): .git
2024-01-02 06:22:27.627 [info] > git config --get commit.template [11ms]
2024-01-02 06:22:27.630 [info] > git for-each-ref --format=%(refname)%00%(upstream:short)%00%(objectname)%00%(upstream:track)%00%(upstream:remotename)%00%(upstream:remoteref) refs/heads/main refs/remotes/main [5ms]
2024-01-02 06:22:27.649 [info] > git status -z -uall [10ms]
2024-01-02 06:22:32.454 [info] > git check-ignore -v -z --stdin [19ms]
2024-01-02 06:22:32.591 [info] > git merge-base refs/heads/main refs/remotes/origin/main [15ms]
2024-01-02 06:22:32.685 [info] > git rev-list --count --left-right refs/heads/main...refs/remotes/origin/main [53ms]
2024-01-02 06:22:32.835 [info] > git config --get commit.template [49ms]
2024-01-02 06:22:32.880 [info] > git for-each-ref --format=%(refname)%00%(upstream:short)%00%(objectname)%00%(upstream:track)%00%(upstream:remotename)%00%(upstream:remoteref) refs/heads/main refs/remotes/main [46ms]
2024-01-02 06:22:32.972 [info] > git status -z -uall [60ms]
2024-01-02 06:22:38.186 [info] > git config --get commit.template [35ms]
2024-01-02 06:22:38.195 [info] > git for-each-ref --format=%(refname)%00%(upstream:short)%00%(objectname)%00%(upstream:track)%00%(upstream:remotename)%00%(upstream:remoteref) refs/heads/main refs/remotes/main [10ms]
2024-01-02 06:22:38.248 [info] > git status -z -uall [28ms]
2024-01-02 06:22:43.347 [info] > git config --get commit.template [18ms]
2024-01-02 06:22:43.352 [info] > git for-each-ref --format=%(refname)%00%(upstream:short)%00%(objectname)%00%(upstream:track)%00%(upstream:remotename)%00%(upstream:remoteref) refs/heads/main refs/remotes/main [6ms]
2024-01-02 06:22:43.381 [info] > git status -z -uall [14ms]
2024-01-02 06:22:48.573 [info] > git config --get commit.template [44ms]
2024-01-02 06:22:48.584 [info] > git for-each-ref --format=%(refname)%00%(upstream:short)%00%(objectname)%00%(upstream:track)%00%(upstream:remotename)%00%(upstream:remoteref) refs/heads/main refs/remotes/main [12ms]
2024-01-02 06:22:48.702 [info] > git status -z -uall [71ms]
