2024-01-02 05:53:01.267 [info] Experiment 'pythonRecommendTensorboardExtcf' is active
2024-01-02 05:53:01.267 [info] Experiment 'pythonREPLSmartSend' is active
2024-01-02 05:53:01.267 [info] Experiment 'pythonTerminalEnvVarActivationcf' is active
2024-01-02 05:53:01.267 [info] Experiment 'pythonTestAdapter' is active
2024-01-02 05:53:02.539 [info] Test server listening.
2024-01-02 05:53:08.063 [info] > python -c "import sys;print(sys.executable)"
2024-01-02 05:53:08.149 [error] [Error: Command failed: python -c "import sys;print(sys.executable)"
/bin/sh: 1: python: not found

	at ChildProcess.exithandler (node:child_process:431:12)
	at ChildProcess.emit (node:events:525:35)
	at maybeClose (node:internal/child_process:1091:16)
	at Socket.<anonymous> (node:internal/child_process:449:11)
	at Socket.emit (node:events:513:28)
	at Pipe.<anonymous> (node:net:322:12)] {
  code: 127,
  killed: false,
  signal: null,
  cmd: 'python -c "import sys;print(sys.executable)"'
}
2024-01-02 05:53:08.775 [warning] Retry failed, storage update failed for key PYTHON_GLOBAL_STORAGE_KEYS
2024-01-02 05:53:08.780 [warning] Retry failed, storage update failed for key PYTHON_GLOBAL_STORAGE_KEYS
2024-01-02 05:53:08.781 [warning] Retry failed, storage update failed for key PYTHON_WORKSPACE_STORAGE_KEYS
2024-01-02 05:53:08.781 [warning] Retry failed, storage update failed for key PYTHON_WORKSPACE_STORAGE_KEYS
2024-01-02 05:53:08.781 [warning] Retry failed, storage update failed for key PYTHON_WORKSPACE_STORAGE_KEYS
2024-01-02 05:53:11.407 [info] Starting Pylance language server.
2024-01-02 05:53:13.747 [info] Experiment 'pythonRecommendTensorboardExtcf' is active
2024-01-02 05:53:13.749 [info] Experiment 'pythonREPLSmartSend' is active
2024-01-02 05:53:13.749 [info] Experiment 'pythonTerminalEnvVarActivationcf' is active
2024-01-02 05:53:13.749 [info] Experiment 'pythonTestAdapter' is active
2024-01-02 05:53:14.472 [info] Default formatter is set to null for workspace /root/sugihkan
2024-01-02 05:53:14.691 [info] Test server listening.
2024-01-02 05:53:14.743 [info] > conda info --json
2024-01-02 05:53:15.646 [info] Found: /bin/python3 --> /bin/python3.10
2024-01-02 05:53:15.649 [info] Found: /bin/python3.10 --> /bin/python3.10
2024-01-02 05:53:16.161 [info] Found: /usr/bin/python3 --> /usr/bin/python3.10
2024-01-02 05:53:16.174 [warning] Retry failed, storage update failed for key PYTHON_GLOBAL_STORAGE_KEYS
2024-01-02 05:53:16.181 [info] Found: /usr/bin/python3.10 --> /usr/bin/python3.10
2024-01-02 05:53:18.091 [info] > /bin/python3 -I ~/.vscode/extensions/ms-python.python-2023.22.1/pythonFiles/get_output_via_markers.py ~/.vscode/extensions/ms-python.python-2023.22.1/pythonFiles/interpreterInfo.py
2024-01-02 05:53:18.993 [info] > /usr/bin/python3 -I ~/.vscode/extensions/ms-python.python-2023.22.1/pythonFiles/get_output_via_markers.py ~/.vscode/extensions/ms-python.python-2023.22.1/pythonFiles/interpreterInfo.py
2024-01-02 05:53:19.233 [info] Python interpreter path: /bin/python3
2024-01-02 05:53:19.503 [warning] Retry failed, storage update failed for key PYTHON_GLOBAL_STORAGE_KEYS
2024-01-02 05:53:21.734 [info] Starting Pylance language server.
2024-01-02 05:53:21.887 [info] > /bin/python3 -I ~/.vscode/extensions/ms-python.python-2023.22.1/pythonFiles/get_output_via_markers.py ~/.vscode/extensions/ms-python.python-2023.22.1/pythonFiles/interpreterInfo.py
2024-01-02 05:53:50.257 [info] CreateEnv Trigger - Skipping for /root/sugihkan/app.py
2024-01-02 05:53:50.552 [info] Send text to terminal: /bin/python3 /root/sugihkan/app.py
2024-01-02 06:22:55.270 [info] Discover tests for workspace name: undefined - uri: /root/sugihkan/sugihkan/User/settings.json
2024-01-02 06:22:57.298 [info] Discover tests for workspace name: undefined - uri: /root/sugihkan/sugihkan/User/settings.json
