2024-01-02 06:19:56.847 [info] Getting Manifest... randomfractalsinc.vscode-data-preview
2024-01-02 06:19:56.883 [info] Installing extension: randomfractalsinc.vscode-data-preview
2024-01-02 06:20:11.070 [info] Extension signature is verified: randomfractalsinc.vscode-data-preview
2024-01-02 06:20:12.994 [info] Getting Manifest... searking.preview-vscode
2024-01-02 06:20:13.021 [info] Installing extension: searking.preview-vscode
2024-01-02 06:20:16.352 [info] Getting Manifest... shd101wyy.markdown-preview-enhanced
2024-01-02 06:20:16.446 [info] Installing extension: shd101wyy.markdown-preview-enhanced
2024-01-02 06:20:29.148 [info] Extension signature is verified: searking.preview-vscode
2024-01-02 06:20:29.734 [info] Extension signature is verified: shd101wyy.markdown-preview-enhanced
2024-01-02 06:20:31.189 [info] Extracted extension to file:///root/.vscode/extensions/shd101wyy.markdown-preview-enhanced-0.8.11: shd101wyy.markdown-preview-enhanced
2024-01-02 06:20:31.201 [info] Renamed to /root/.vscode/extensions/shd101wyy.markdown-preview-enhanced-0.8.11
2024-01-02 06:20:31.215 [info] Extracting extension completed. shd101wyy.markdown-preview-enhanced
2024-01-02 06:20:31.248 [info] Extension installed successfully: shd101wyy.markdown-preview-enhanced
2024-01-02 06:20:31.351 [error] [uncaught exception in sharedProcess]: Error: ENOENT: no such file or directory, stat '/root/.vscode/extensions/extensions.json.vsctmp': EntryNotFound (FileSystemError): Error: ENOENT: no such file or directory, stat '/root/.vscode/extensions/extensions.json.vsctmp'
    at r.create (/usr/share/code/resources/app/out/vs/code/node/sharedProcess/sharedProcessMain.js:51:30056)
    at a (/usr/share/code/resources/app/out/vs/code/node/sharedProcess/sharedProcessMain.js:51:30170)
    at s.fb (/usr/share/code/resources/app/out/vs/code/node/sharedProcess/sharedProcessMain.js:56:36175)
    at s.stat (/usr/share/code/resources/app/out/vs/code/node/sharedProcess/sharedProcessMain.js:56:28621)
    at async E.stat (/usr/share/code/resources/app/out/vs/code/node/sharedProcess/sharedProcessMain.js:56:15732)
    at async Y.tb (/usr/share/code/resources/app/out/vs/code/node/sharedProcess/sharedProcessMain.js:100:111319)
2024-01-02 06:20:51.842 [info] Extracted extension to file:///root/.vscode/extensions/randomfractalsinc.vscode-data-preview-2.3.0: randomfractalsinc.vscode-data-preview
2024-01-02 06:20:51.856 [info] Renamed to /root/.vscode/extensions/randomfractalsinc.vscode-data-preview-2.3.0
2024-01-02 06:20:51.861 [info] Extracting extension completed. randomfractalsinc.vscode-data-preview
2024-01-02 06:20:51.885 [info] Extension installed successfully: randomfractalsinc.vscode-data-preview
2024-01-02 06:20:51.960 [error] [uncaught exception in sharedProcess]: Error: ENOENT: no such file or directory, stat '/root/.vscode/extensions/extensions.json.vsctmp': EntryNotFound (FileSystemError): Error: ENOENT: no such file or directory, stat '/root/.vscode/extensions/extensions.json.vsctmp'
    at r.create (/usr/share/code/resources/app/out/vs/code/node/sharedProcess/sharedProcessMain.js:51:30056)
    at a (/usr/share/code/resources/app/out/vs/code/node/sharedProcess/sharedProcessMain.js:51:30170)
    at s.fb (/usr/share/code/resources/app/out/vs/code/node/sharedProcess/sharedProcessMain.js:56:36175)
    at s.stat (/usr/share/code/resources/app/out/vs/code/node/sharedProcess/sharedProcessMain.js:56:28621)
    at async E.stat (/usr/share/code/resources/app/out/vs/code/node/sharedProcess/sharedProcessMain.js:56:15732)
    at async Y.tb (/usr/share/code/resources/app/out/vs/code/node/sharedProcess/sharedProcessMain.js:100:111319)
2024-01-02 06:20:56.811 [info] Extracted extension to file:///root/.vscode/extensions/searking.preview-vscode-2.2.5: searking.preview-vscode
2024-01-02 06:20:56.829 [info] Renamed to /root/.vscode/extensions/searking.preview-vscode-2.2.5
2024-01-02 06:20:56.845 [info] Extracting extension completed. searking.preview-vscode
2024-01-02 06:20:56.880 [info] Extension installed successfully: searking.preview-vscode
2024-01-02 06:20:56.941 [error] [uncaught exception in sharedProcess]: Error: ENOENT: no such file or directory, stat '/root/.vscode/extensions/extensions.json.vsctmp': EntryNotFound (FileSystemError): Error: ENOENT: no such file or directory, stat '/root/.vscode/extensions/extensions.json.vsctmp'
    at r.create (/usr/share/code/resources/app/out/vs/code/node/sharedProcess/sharedProcessMain.js:51:30056)
    at a (/usr/share/code/resources/app/out/vs/code/node/sharedProcess/sharedProcessMain.js:51:30170)
    at s.fb (/usr/share/code/resources/app/out/vs/code/node/sharedProcess/sharedProcessMain.js:56:36175)
    at s.stat (/usr/share/code/resources/app/out/vs/code/node/sharedProcess/sharedProcessMain.js:56:28621)
    at async E.stat (/usr/share/code/resources/app/out/vs/code/node/sharedProcess/sharedProcessMain.js:56:15732)
    at async Y.tb (/usr/share/code/resources/app/out/vs/code/node/sharedProcess/sharedProcessMain.js:100:111319)
2024-01-02 06:21:58.555 [info] Getting Manifest... mechatroner.rainbow-csv
2024-01-02 06:21:58.736 [info] Installing extension: mechatroner.rainbow-csv
2024-01-02 06:22:05.981 [info] Extension signature is verified: mechatroner.rainbow-csv
2024-01-02 06:22:06.105 [info] Extracted extension to file:///root/.vscode/extensions/mechatroner.rainbow-csv-3.10.0: mechatroner.rainbow-csv
2024-01-02 06:22:06.111 [info] Renamed to /root/.vscode/extensions/mechatroner.rainbow-csv-3.10.0
2024-01-02 06:22:06.115 [info] Extracting extension completed. mechatroner.rainbow-csv
2024-01-02 06:22:06.143 [info] Extension installed successfully: mechatroner.rainbow-csv
2024-01-02 06:22:06.168 [error] [uncaught exception in sharedProcess]: Error: ENOENT: no such file or directory, stat '/root/.vscode/extensions/extensions.json.vsctmp': EntryNotFound (FileSystemError): Error: ENOENT: no such file or directory, stat '/root/.vscode/extensions/extensions.json.vsctmp'
    at r.create (/usr/share/code/resources/app/out/vs/code/node/sharedProcess/sharedProcessMain.js:51:30056)
    at a (/usr/share/code/resources/app/out/vs/code/node/sharedProcess/sharedProcessMain.js:51:30170)
    at s.fb (/usr/share/code/resources/app/out/vs/code/node/sharedProcess/sharedProcessMain.js:56:36175)
    at s.stat (/usr/share/code/resources/app/out/vs/code/node/sharedProcess/sharedProcessMain.js:56:28621)
    at async E.stat (/usr/share/code/resources/app/out/vs/code/node/sharedProcess/sharedProcessMain.js:56:15732)
    at async Y.tb (/usr/share/code/resources/app/out/vs/code/node/sharedProcess/sharedProcessMain.js:100:111319)
