2024-01-06 12:58:06.951 [info] Getting Manifest... mechatroner.rainbow-csv
2024-01-06 12:58:07.665 [info] Installing extension: mechatroner.rainbow-csv
2024-01-06 12:58:15.972 [info] Extension signature is verified: mechatroner.rainbow-csv
2024-01-06 12:58:16.150 [info] Extracted extension to file:///root/.vscode/extensions/mechatroner.rainbow-csv-3.11.0: mechatroner.rainbow-csv
2024-01-06 12:58:16.156 [info] Renamed to /root/.vscode/extensions/mechatroner.rainbow-csv-3.11.0
2024-01-06 12:58:16.160 [info] Extracting extension completed. mechatroner.rainbow-csv
2024-01-06 12:58:16.183 [info] Extension installed successfully: mechatroner.rainbow-csv
2024-01-06 12:58:16.210 [info] Marked extension as uninstalled mechatroner.rainbow-csv-3.10.0
2024-01-06 12:58:16.258 [error] [uncaught exception in sharedProcess]: Error: ENOENT: no such file or directory, stat '/root/.vscode/extensions/extensions.json.vsctmp': EntryNotFound (FileSystemError): Error: ENOENT: no such file or directory, stat '/root/.vscode/extensions/extensions.json.vsctmp'
    at r.create (/usr/share/code/resources/app/out/vs/code/node/sharedProcess/sharedProcessMain.js:51:30056)
    at a (/usr/share/code/resources/app/out/vs/code/node/sharedProcess/sharedProcessMain.js:51:30170)
    at s.fb (/usr/share/code/resources/app/out/vs/code/node/sharedProcess/sharedProcessMain.js:56:36175)
    at s.stat (/usr/share/code/resources/app/out/vs/code/node/sharedProcess/sharedProcessMain.js:56:28621)
    at async E.stat (/usr/share/code/resources/app/out/vs/code/node/sharedProcess/sharedProcessMain.js:56:15732)
    at async Y.tb (/usr/share/code/resources/app/out/vs/code/node/sharedProcess/sharedProcessMain.js:100:111319)
2024-01-10 00:58:34.286 [info] Getting Manifest... ms-toolsai.jupyter
2024-01-10 00:58:34.352 [info] Installing extension: ms-toolsai.jupyter
2024-01-10 00:58:49.052 [info] Extension signature is verified: ms-toolsai.jupyter
2024-01-10 00:58:50.421 [info] Extracted extension to file:///root/.vscode/extensions/ms-toolsai.jupyter-2023.11.1100101639-linux-x64: ms-toolsai.jupyter
2024-01-10 00:58:50.430 [info] Renamed to /root/.vscode/extensions/ms-toolsai.jupyter-2023.11.1100101639-linux-x64
2024-01-10 00:58:50.455 [info] Extracting extension completed. ms-toolsai.jupyter
2024-01-10 00:58:50.521 [info] Extension installed successfully: ms-toolsai.jupyter
2024-01-10 00:58:50.622 [error] [uncaught exception in sharedProcess]: Error: ENOENT: no such file or directory, stat '/root/.vscode/extensions/extensions.json.vsctmp': EntryNotFound (FileSystemError): Error: ENOENT: no such file or directory, stat '/root/.vscode/extensions/extensions.json.vsctmp'
    at r.create (/usr/share/code/resources/app/out/vs/code/node/sharedProcess/sharedProcessMain.js:51:30056)
    at a (/usr/share/code/resources/app/out/vs/code/node/sharedProcess/sharedProcessMain.js:51:30170)
    at s.fb (/usr/share/code/resources/app/out/vs/code/node/sharedProcess/sharedProcessMain.js:56:36175)
    at s.stat (/usr/share/code/resources/app/out/vs/code/node/sharedProcess/sharedProcessMain.js:56:28621)
    at async E.stat (/usr/share/code/resources/app/out/vs/code/node/sharedProcess/sharedProcessMain.js:56:15732)
    at async Y.tb (/usr/share/code/resources/app/out/vs/code/node/sharedProcess/sharedProcessMain.js:100:111319)
2024-01-10 00:58:50.707 [info] Marked extension as uninstalled ms-toolsai.jupyter-2023.11.1003402403-linux-x64
